2025-09-22T10:01:33.553276+00:00 INFO 'ansible_navigator.setup_logger' New ansible-navigator instance, logging initialized
2025-09-22T10:01:33.553647+00:00 INFO 'ansible_navigator.setup_logger' New ansible-runner instance, logging initialized
2025-09-22T10:01:33.553703+00:00 DEBUG 'ansible_navigator.main' MarkupSafe==2.1.5 
2025-09-22T10:01:33.553734+00:00 DEBUG 'ansible_navigator.main' Parsley==1.3 
2025-09-22T10:01:33.553763+00:00 DEBUG 'ansible_navigator.main' PyYAML==6.0 
2025-09-22T10:01:33.553788+00:00 DEBUG 'ansible_navigator.main' ansible-builder==3.1.0 
2025-09-22T10:01:33.553812+00:00 DEBUG 'ansible_navigator.main' ansible-compat==24.9.0 
2025-09-22T10:01:33.553842+00:00 DEBUG 'ansible_navigator.main' ansible-core==2.16.14 
2025-09-22T10:01:33.553880+00:00 DEBUG 'ansible_navigator.main' ansible-lint==24.9.0 
2025-09-22T10:01:33.553924+00:00 DEBUG 'ansible_navigator.main' ansible-navigator==24.9.0 
2025-09-22T10:01:33.553946+00:00 DEBUG 'ansible_navigator.main' ansible-runner==2.4.0 
2025-09-22T10:01:33.553966+00:00 DEBUG 'ansible_navigator.main' attrs==22.2.0 /usr/lib/python3.11/site-packages/attrs/__init__.py
2025-09-22T10:01:33.553985+00:00 DEBUG 'ansible_navigator.main' bindep==2.11.0 /usr/lib/python3.11/site-packages/bindep/__init__.py
2025-09-22T10:01:33.554003+00:00 DEBUG 'ansible_navigator.main' cffi==1.15.1 /usr/lib64/python3.11/site-packages/cffi/__init__.py
2025-09-22T10:01:33.554020+00:00 DEBUG 'ansible_navigator.main' click==8.1.7 /usr/lib/python3.11/site-packages/click/__init__.py
2025-09-22T10:01:33.554038+00:00 DEBUG 'ansible_navigator.main' commonmark==0.9.1 /usr/lib/python3.11/site-packages/commonmark/__init__.py
2025-09-22T10:01:33.554055+00:00 DEBUG 'ansible_navigator.main' cryptography==42.0.5 /usr/lib64/python3.11/site-packages/cryptography/__init__.py
2025-09-22T10:01:33.554073+00:00 DEBUG 'ansible_navigator.main' distro==1.9.0 /usr/lib/python3.11/site-packages/distro/__init__.py
2025-09-22T10:01:33.554090+00:00 DEBUG 'ansible_navigator.main' docutils==0.20.1 /usr/lib/python3.11/site-packages/docutils/__init__.py
2025-09-22T10:01:33.554107+00:00 DEBUG 'ansible_navigator.main' importlib-metadata==6.0.1 
2025-09-22T10:01:33.554125+00:00 DEBUG 'ansible_navigator.main' lockfile==0.12.2 /usr/lib/python3.11/site-packages/lockfile/__init__.py
2025-09-22T10:01:33.554141+00:00 DEBUG 'ansible_navigator.main' mypy-extensions==1.0.0 
2025-09-22T10:01:33.554158+00:00 DEBUG 'ansible_navigator.main' onigurumacffi==1.3.0 /usr/lib64/python3.11/site-packages/onigurumacffi.py
2025-09-22T10:01:33.554176+00:00 DEBUG 'ansible_navigator.main' pbr==6.0.0 /usr/lib/python3.11/site-packages/pbr/__init__.py
2025-09-22T10:01:33.554193+00:00 DEBUG 'ansible_navigator.main' pexpect==4.9.0 /usr/lib/python3.11/site-packages/pexpect/__init__.py
2025-09-22T10:01:33.554209+00:00 DEBUG 'ansible_navigator.main' ply==3.11 /usr/lib/python3.11/site-packages/ply/__init__.py
2025-09-22T10:01:33.554226+00:00 DEBUG 'ansible_navigator.main' pycparser==2.20 /usr/lib/python3.11/site-packages/pycparser/__init__.py
2025-09-22T10:01:33.554243+00:00 DEBUG 'ansible_navigator.main' python-daemon==2.3.2 
2025-09-22T10:01:33.554260+00:00 DEBUG 'ansible_navigator.main' resolvelib==1.0.1 /usr/lib/python3.11/site-packages/resolvelib/__init__.py
2025-09-22T10:01:33.554276+00:00 DEBUG 'ansible_navigator.main' ruamel.yaml.clib==0.2.8 
2025-09-22T10:01:33.554293+00:00 DEBUG 'ansible_navigator.main' ruamel.yaml==0.18.6 /usr/lib/python3.11/site-packages/ruamel/yaml/__init__.py
2025-09-22T10:01:33.554310+00:00 DEBUG 'ansible_navigator.main' setuptools==65.5.1 /usr/lib/python3.11/site-packages/setuptools/__init__.py
2025-09-22T10:01:33.554326+00:00 DEBUG 'ansible_navigator.main' subprocess-tee==0.4.1 
2025-09-22T10:01:33.554344+00:00 DEBUG 'ansible_navigator.main' yamllint==1.35.1 /usr/lib/python3.11/site-packages/yamllint/__init__.py
2025-09-22T10:01:33.554361+00:00 DEBUG 'ansible_navigator.main' zipp==3.19.2 /usr/lib/python3.11/site-packages/zipp/__init__.py
2025-09-22T10:01:33.554379+00:00 DEBUG 'ansible_navigator.main' Default collection_doc_cache_path set to: /home/student/.cache/ansible-navigator/collection_doc_cache.db
2025-09-22T10:01:33.554408+00:00 DEBUG 'ansible_navigator.main' EDITOR environment variable not set
2025-09-22T10:01:33.554425+00:00 DEBUG 'ansible_navigator.main' Default editor_command set to: vi +{line_number} {filename}
2025-09-22T10:01:33.554443+00:00 DEBUG 'ansible_navigator.main' No config file set by ANSIBLE_NAVIGATOR_CONFIG
2025-09-22T10:01:33.554460+00:00 DEBUG 'ansible_navigator.main' Looking in /home/student/.ansible-navigator
2025-09-22T10:01:33.554476+00:00 DEBUG 'ansible_navigator.main' Looking for '/home/student/.ansible-navigator.yml', '/home/student/.ansible-navigator.yaml' and '/home/student/.ansible-navigator.json'
2025-09-22T10:01:33.554493+00:00 DEBUG 'ansible_navigator.main' Found 0: 
2025-09-22T10:01:33.554510+00:00 DEBUG 'ansible_navigator.main' Looking in /home/student/trafikverket/borlange_inventory/group_vars/all/ansible-navigator
2025-09-22T10:01:33.554528+00:00 DEBUG 'ansible_navigator.main' Looking for '/home/student/trafikverket/borlange_inventory/group_vars/all/ansible-navigator.yml', '/home/student/trafikverket/borlange_inventory/group_vars/all/ansible-navigator.yaml' and '/home/student/trafikverket/borlange_inventory/group_vars/all/ansible-navigator.json'
2025-09-22T10:01:33.554546+00:00 DEBUG 'ansible_navigator.main' Found 0: 
2025-09-22T10:01:33.554563+00:00 DEBUG 'ansible_navigator.main' All found 0: 
2025-09-22T10:01:33.554579+00:00 DEBUG 'ansible_navigator.main' Using: None
2025-09-22T10:01:33.554596+00:00 DEBUG 'ansible_navigator.main' No valid settings file found, using all default values for settings.
2025-09-22T10:01:33.554612+00:00 DEBUG 'ansible_navigator.main' Command provided: 'inventory --list --yaml'
2025-09-22T10:01:33.554629+00:00 DEBUG 'ansible_navigator.main' EE support enabled: using current working directory for 'ansible.cfg'
2025-09-22T10:01:33.554654+00:00 INFO 'ansible_navigator.main' EE support enabled: no 'ansible.cfg' found in current working directory. Tried /home/student/trafikverket/borlange_inventory/group_vars/all/ansible.cfg
2025-09-22T10:01:33.554671+00:00 DEBUG 'ansible_navigator.main' Completed post processing for ansible_runner_artifact_dir. (changed=False)
2025-09-22T10:01:33.554688+00:00 DEBUG 'ansible_navigator.main' Completed post processing for ansible_runner_rotate_artifacts_count. (changed=False)
2025-09-22T10:01:33.554705+00:00 DEBUG 'ansible_navigator.main' Completed post processing for ansible_runner_timeout. (changed=False)
2025-09-22T10:01:33.554722+00:00 DEBUG 'ansible_navigator.main' Completed post processing for cmdline. (changed=False)
2025-09-22T10:01:33.554739+00:00 DEBUG 'ansible_navigator.main' Completed post processing for collection_doc_cache_path. (changed=False)
2025-09-22T10:01:33.554756+00:00 DEBUG 'ansible_navigator.main' Completed post processing for container_engine. (changed=True)
2025-09-22T10:01:33.554772+00:00 DEBUG 'ansible_navigator.main'  before: 'auto'
2025-09-22T10:01:33.554789+00:00 DEBUG 'ansible_navigator.main'  after: 'podman'
2025-09-22T10:01:33.554806+00:00 DEBUG 'ansible_navigator.main' Completed post processing for container_options. (changed=False)
2025-09-22T10:01:33.554823+00:00 DEBUG 'ansible_navigator.main' Completed post processing for display_color. (changed=False)
2025-09-22T10:01:33.554840+00:00 DEBUG 'ansible_navigator.main' Completed post processing for enable_prompts. (changed=False)
2025-09-22T10:01:33.554856+00:00 DEBUG 'ansible_navigator.main' Completed post processing for execution_environment. (changed=False)
2025-09-22T10:01:33.554872+00:00 DEBUG 'ansible_navigator.main' Completed post processing for execution_environment_image. (changed=False)
2025-09-22T10:01:33.554889+00:00 DEBUG 'ansible_navigator.main' Completed post processing for help_builder. (changed=False)
2025-09-22T10:01:33.554927+00:00 DEBUG 'ansible_navigator.main' Completed post processing for help_config. (changed=False)
2025-09-22T10:01:33.554944+00:00 DEBUG 'ansible_navigator.main' Completed post processing for help_doc. (changed=False)
2025-09-22T10:01:33.554961+00:00 DEBUG 'ansible_navigator.main' Completed post processing for help_inventory. (changed=False)
2025-09-22T10:01:33.554981+00:00 DEBUG 'ansible_navigator.main' Completed post processing for help_playbook. (changed=False)
2025-09-22T10:01:33.554998+00:00 DEBUG 'ansible_navigator.main' Completed post processing for images_details. (changed=False)
2025-09-22T10:01:33.555015+00:00 DEBUG 'ansible_navigator.main' Completed post processing for inventory. (changed=False)
2025-09-22T10:01:33.555031+00:00 DEBUG 'ansible_navigator.main' Completed post processing for inventory_column. (changed=False)
2025-09-22T10:01:33.555048+00:00 DEBUG 'ansible_navigator.main' Completed post processing for log_file. (changed=False)
2025-09-22T10:01:33.555065+00:00 DEBUG 'ansible_navigator.main' Completed post processing for pass_environment_variable. (changed=False)
2025-09-22T10:01:33.555081+00:00 DEBUG 'ansible_navigator.main' Completed post processing for playbook. (changed=False)
2025-09-22T10:01:33.555098+00:00 DEBUG 'ansible_navigator.main' Completed post processing for playbook_artifact_replay. (changed=False)
2025-09-22T10:01:33.555115+00:00 DEBUG 'ansible_navigator.main' Completed post processing for playbook_artifact_save_as. (changed=False)
2025-09-22T10:01:33.555131+00:00 DEBUG 'ansible_navigator.main' Completed post processing for plugin_name. (changed=False)
2025-09-22T10:01:33.555148+00:00 DEBUG 'ansible_navigator.main' Completed post processing for pull_arguments. (changed=False)
2025-09-22T10:01:33.555164+00:00 DEBUG 'ansible_navigator.main' Completed post processing for set_environment_variable. (changed=False)
2025-09-22T10:01:33.555181+00:00 DEBUG 'ansible_navigator.main' Completed post processing for settings_effective. (changed=False)
2025-09-22T10:01:33.555198+00:00 DEBUG 'ansible_navigator.main' Completed post processing for settings_sample. (changed=False)
2025-09-22T10:01:33.555214+00:00 DEBUG 'ansible_navigator.main' Completed post processing for settings_schema. (changed=False)
2025-09-22T10:01:33.555230+00:00 DEBUG 'ansible_navigator.main' Completed post processing for settings_sources. (changed=False)
2025-09-22T10:01:33.555247+00:00 DEBUG 'ansible_navigator.main' Completed post processing for time_zone. (changed=False)
2025-09-22T10:01:33.555264+00:00 DEBUG 'ansible_navigator.main' Completed post processing for execution_environment_volume_mounts. (changed=False)
2025-09-22T10:01:33.555280+00:00 DEBUG 'ansible_navigator.main' Completed post processing for mode. (changed=False)
2025-09-22T10:01:33.555297+00:00 DEBUG 'ansible_navigator.main' Completed post processing for playbook_artifact_enable. (changed=False)
2025-09-22T10:01:33.555317+00:00 WARNING 'ansible_navigator.main' Configuration errors encountered, rolling back to previous configuration.
2025-09-22T10:01:33.555334+00:00 DEBUG 'ansible_navigator.main' Prior to rollback: ansible_runner_artifact_dir = 'Not set' (Constants/Not set)
2025-09-22T10:01:33.555351+00:00 DEBUG 'ansible_navigator.main' Prior to rollback: ansible_runner_rotate_artifacts_count = 'Not set' (Constants/Not set)
2025-09-22T10:01:33.555368+00:00 DEBUG 'ansible_navigator.main' Prior to rollback: ansible_runner_timeout = 'Not set' (Constants/Not set)
2025-09-22T10:01:33.555384+00:00 DEBUG 'ansible_navigator.main' Prior to rollback: ansible_runner_write_job_events = 'False' (bool/Defaults)
2025-09-22T10:01:33.555401+00:00 DEBUG 'ansible_navigator.main' Prior to rollback: app = 'inventory' (str/Command line)
2025-09-22T10:01:33.555417+00:00 DEBUG 'ansible_navigator.main' Prior to rollback: cmdline = '['--list', '--yaml']' (list/Command line)
2025-09-22T10:01:33.555434+00:00 DEBUG 'ansible_navigator.main' Prior to rollback: collection_doc_cache_path = '/home/student/.cache/ansible-navigator/collection_doc_cache.db' (str/Defaults)
2025-09-22T10:01:33.555450+00:00 DEBUG 'ansible_navigator.main' Prior to rollback: config = 'Not set' (Constants/Not set)
2025-09-22T10:01:33.555466+00:00 DEBUG 'ansible_navigator.main' Prior to rollback: container_engine = 'podman' (str/Automatically determined)
2025-09-22T10:01:33.555492+00:00 DEBUG 'ansible_navigator.main' Prior to rollback: container_options = 'Not set' (Constants/Not set)
2025-09-22T10:01:33.555509+00:00 DEBUG 'ansible_navigator.main' Prior to rollback: display_color = 'True' (bool/Defaults)
2025-09-22T10:01:33.555540+00:00 DEBUG 'ansible_navigator.main' Prior to rollback: editor_command = 'vi +{line_number} {filename}' (str/Defaults)
2025-09-22T10:01:33.555559+00:00 DEBUG 'ansible_navigator.main' Prior to rollback: editor_console = 'True' (bool/Defaults)
2025-09-22T10:01:33.555576+00:00 DEBUG 'ansible_navigator.main' Prior to rollback: enable_prompts = 'False' (bool/Defaults)
2025-09-22T10:01:33.555593+00:00 DEBUG 'ansible_navigator.main' Prior to rollback: exec_command = '/bin/bash' (str/Defaults)
2025-09-22T10:01:33.555609+00:00 DEBUG 'ansible_navigator.main' Prior to rollback: exec_shell = 'True' (bool/Defaults)
2025-09-22T10:01:33.555626+00:00 DEBUG 'ansible_navigator.main' Prior to rollback: execution_environment = 'True' (bool/Defaults)
2025-09-22T10:01:33.555653+00:00 DEBUG 'ansible_navigator.main' Prior to rollback: execution_environment_image = 'registry.redhat.io/ansible-automation-platform-25/ee-supported-rhel8:latest' (str/Defaults)
2025-09-22T10:01:33.555670+00:00 DEBUG 'ansible_navigator.main' Prior to rollback: execution_environment_volume_mounts = 'Not set' (Constants/Not set)
2025-09-22T10:01:33.555686+00:00 DEBUG 'ansible_navigator.main' Prior to rollback: format = 'yaml' (str/Defaults)
2025-09-22T10:01:33.555703+00:00 DEBUG 'ansible_navigator.main' Prior to rollback: help_builder = 'False' (bool/Defaults)
2025-09-22T10:01:33.555720+00:00 DEBUG 'ansible_navigator.main' Prior to rollback: help_config = 'False' (bool/Defaults)
2025-09-22T10:01:33.555736+00:00 DEBUG 'ansible_navigator.main' Prior to rollback: help_doc = 'False' (bool/Defaults)
2025-09-22T10:01:33.555753+00:00 DEBUG 'ansible_navigator.main' Prior to rollback: help_inventory = 'False' (bool/Defaults)
2025-09-22T10:01:33.555769+00:00 DEBUG 'ansible_navigator.main' Prior to rollback: help_playbook = 'False' (bool/Defaults)
2025-09-22T10:01:33.555800+00:00 DEBUG 'ansible_navigator.main' Prior to rollback: images_details = '['everything']' (list/Defaults)
2025-09-22T10:01:33.555825+00:00 DEBUG 'ansible_navigator.main' Prior to rollback: inventory = 'Not set' (Constants/Not set)
2025-09-22T10:01:33.555845+00:00 DEBUG 'ansible_navigator.main' Prior to rollback: inventory_column = 'Not set' (Constants/Not set)
2025-09-22T10:01:33.555863+00:00 DEBUG 'ansible_navigator.main' Prior to rollback: lint_config = 'Not set' (Constants/Not set)
2025-09-22T10:01:33.555881+00:00 DEBUG 'ansible_navigator.main' Prior to rollback: lintables = 'Not set' (Constants/Not set)
2025-09-22T10:01:33.555961+00:00 DEBUG 'ansible_navigator.main' Prior to rollback: log_append = 'True' (bool/Defaults)
2025-09-22T10:01:33.555985+00:00 DEBUG 'ansible_navigator.main' Prior to rollback: log_file = '/home/student/trafikverket/borlange_inventory/group_vars/all/ansible-navigator.log' (str/Defaults)
2025-09-22T10:01:33.556002+00:00 DEBUG 'ansible_navigator.main' Prior to rollback: log_level = 'warning' (str/Defaults)
2025-09-22T10:01:33.556041+00:00 DEBUG 'ansible_navigator.main' Prior to rollback: mode = 'interactive' (str/Defaults)
2025-09-22T10:01:33.556064+00:00 DEBUG 'ansible_navigator.main' Prior to rollback: osc4 = 'True' (bool/Defaults)
2025-09-22T10:01:33.556083+00:00 DEBUG 'ansible_navigator.main' Prior to rollback: pass_environment_variable = 'Not set' (Constants/Not set)
2025-09-22T10:01:33.556102+00:00 DEBUG 'ansible_navigator.main' Prior to rollback: playbook = 'Not set' (Constants/Not set)
2025-09-22T10:01:33.556119+00:00 DEBUG 'ansible_navigator.main' Prior to rollback: playbook_artifact_enable = 'True' (bool/Defaults)
2025-09-22T10:01:33.556153+00:00 DEBUG 'ansible_navigator.main' Prior to rollback: playbook_artifact_replay = 'Not set' (Constants/Not set)
2025-09-22T10:01:33.556176+00:00 DEBUG 'ansible_navigator.main' Prior to rollback: playbook_artifact_save_as = '{playbook_dir}/{playbook_name}-artifact-{time_stamp}.json' (str/Defaults)
2025-09-22T10:01:33.556206+00:00 DEBUG 'ansible_navigator.main' Prior to rollback: plugin_name = 'Not set' (Constants/Not set)
2025-09-22T10:01:33.556226+00:00 DEBUG 'ansible_navigator.main' Prior to rollback: plugin_type = 'module' (str/Defaults)
2025-09-22T10:01:33.556243+00:00 DEBUG 'ansible_navigator.main' Prior to rollback: pull_arguments = 'Not set' (Constants/Not set)
2025-09-22T10:01:33.556261+00:00 DEBUG 'ansible_navigator.main' Prior to rollback: pull_policy = 'tag' (str/Defaults)
2025-09-22T10:01:33.556278+00:00 DEBUG 'ansible_navigator.main' Prior to rollback: set_environment_variable = 'Not set' (Constants/Not set)
2025-09-22T10:01:33.556296+00:00 DEBUG 'ansible_navigator.main' Prior to rollback: settings_effective = 'False' (bool/Defaults)
2025-09-22T10:01:33.556314+00:00 DEBUG 'ansible_navigator.main' Prior to rollback: settings_sample = 'False' (bool/Defaults)
2025-09-22T10:01:33.556331+00:00 DEBUG 'ansible_navigator.main' Prior to rollback: settings_schema = 'json' (str/Defaults)
2025-09-22T10:01:33.556348+00:00 DEBUG 'ansible_navigator.main' Prior to rollback: settings_sources = 'False' (bool/Defaults)
2025-09-22T10:01:33.556365+00:00 DEBUG 'ansible_navigator.main' Prior to rollback: time_zone = 'UTC' (str/Defaults)
2025-09-22T10:01:33.556382+00:00 DEBUG 'ansible_navigator.main' Prior to rollback: workdir = '/home/student/trafikverket/borlange_inventory/group_vars/all' (str/Defaults)
2025-09-22T10:01:33.556400+00:00 DEBUG 'ansible_navigator.main' After rollback: ansible_runner_artifact_dir = 'Not set' (Constants/Not set)
2025-09-22T10:01:33.556417+00:00 DEBUG 'ansible_navigator.main' After rollback: ansible_runner_rotate_artifacts_count = 'Not set' (Constants/Not set)
2025-09-22T10:01:33.556445+00:00 DEBUG 'ansible_navigator.main' After rollback: ansible_runner_timeout = 'Not set' (Constants/Not set)
2025-09-22T10:01:33.556492+00:00 DEBUG 'ansible_navigator.main' After rollback: ansible_runner_write_job_events = 'Not set' (Constants/Not set)
2025-09-22T10:01:33.556535+00:00 DEBUG 'ansible_navigator.main' After rollback: app = 'Not set' (Constants/Not set)
2025-09-22T10:01:33.556563+00:00 DEBUG 'ansible_navigator.main' After rollback: cmdline = 'Not set' (Constants/Not set)
2025-09-22T10:01:33.556582+00:00 DEBUG 'ansible_navigator.main' After rollback: collection_doc_cache_path = 'Not set' (Constants/Not set)
2025-09-22T10:01:33.556601+00:00 DEBUG 'ansible_navigator.main' After rollback: config = 'Not set' (Constants/Not set)
2025-09-22T10:01:33.556618+00:00 DEBUG 'ansible_navigator.main' After rollback: container_engine = 'Not set' (Constants/Not set)
2025-09-22T10:01:33.556645+00:00 DEBUG 'ansible_navigator.main' After rollback: container_options = 'Not set' (Constants/Not set)
2025-09-22T10:01:33.556664+00:00 DEBUG 'ansible_navigator.main' After rollback: display_color = 'Not set' (Constants/Not set)
2025-09-22T10:01:33.556680+00:00 DEBUG 'ansible_navigator.main' After rollback: editor_command = 'Not set' (Constants/Not set)
2025-09-22T10:01:33.556698+00:00 DEBUG 'ansible_navigator.main' After rollback: editor_console = 'Not set' (Constants/Not set)
2025-09-22T10:01:33.556715+00:00 DEBUG 'ansible_navigator.main' After rollback: enable_prompts = 'Not set' (Constants/Not set)
2025-09-22T10:01:33.556731+00:00 DEBUG 'ansible_navigator.main' After rollback: exec_command = 'Not set' (Constants/Not set)
2025-09-22T10:01:33.556748+00:00 DEBUG 'ansible_navigator.main' After rollback: exec_shell = 'Not set' (Constants/Not set)
2025-09-22T10:01:33.556765+00:00 DEBUG 'ansible_navigator.main' After rollback: execution_environment = 'Not set' (Constants/Not set)
2025-09-22T10:01:33.556782+00:00 DEBUG 'ansible_navigator.main' After rollback: execution_environment_image = 'Not set' (Constants/Not set)
2025-09-22T10:01:33.556799+00:00 DEBUG 'ansible_navigator.main' After rollback: execution_environment_volume_mounts = 'Not set' (Constants/Not set)
2025-09-22T10:01:33.556818+00:00 DEBUG 'ansible_navigator.main' After rollback: format = 'Not set' (Constants/Not set)
2025-09-22T10:01:33.556836+00:00 DEBUG 'ansible_navigator.main' After rollback: help_builder = 'Not set' (Constants/Not set)
2025-09-22T10:01:33.556858+00:00 DEBUG 'ansible_navigator.main' After rollback: help_config = 'Not set' (Constants/Not set)
2025-09-22T10:01:33.556875+00:00 DEBUG 'ansible_navigator.main' After rollback: help_doc = 'Not set' (Constants/Not set)
2025-09-22T10:01:33.556906+00:00 DEBUG 'ansible_navigator.main' After rollback: help_inventory = 'Not set' (Constants/Not set)
2025-09-22T10:01:33.556929+00:00 DEBUG 'ansible_navigator.main' After rollback: help_playbook = 'Not set' (Constants/Not set)
2025-09-22T10:01:33.556946+00:00 DEBUG 'ansible_navigator.main' After rollback: images_details = 'Not set' (Constants/Not set)
2025-09-22T10:01:33.556963+00:00 DEBUG 'ansible_navigator.main' After rollback: inventory = 'Not set' (Constants/Not set)
2025-09-22T10:01:33.556980+00:00 DEBUG 'ansible_navigator.main' After rollback: inventory_column = 'Not set' (Constants/Not set)
2025-09-22T10:01:33.556997+00:00 DEBUG 'ansible_navigator.main' After rollback: lint_config = 'Not set' (Constants/Not set)
2025-09-22T10:01:33.557014+00:00 DEBUG 'ansible_navigator.main' After rollback: lintables = 'Not set' (Constants/Not set)
2025-09-22T10:01:33.557049+00:00 DEBUG 'ansible_navigator.main' After rollback: log_append = 'Not set' (Constants/Not set)
2025-09-22T10:01:33.557075+00:00 DEBUG 'ansible_navigator.main' After rollback: log_file = 'Not set' (Constants/Not set)
2025-09-22T10:01:33.557095+00:00 DEBUG 'ansible_navigator.main' After rollback: log_level = 'Not set' (Constants/Not set)
2025-09-22T10:01:33.557114+00:00 DEBUG 'ansible_navigator.main' After rollback: mode = 'Not set' (Constants/Not set)
2025-09-22T10:01:33.557132+00:00 DEBUG 'ansible_navigator.main' After rollback: osc4 = 'Not set' (Constants/Not set)
2025-09-22T10:01:33.557149+00:00 DEBUG 'ansible_navigator.main' After rollback: pass_environment_variable = 'Not set' (Constants/Not set)
2025-09-22T10:01:33.557167+00:00 DEBUG 'ansible_navigator.main' After rollback: playbook = 'Not set' (Constants/Not set)
2025-09-22T10:01:33.557184+00:00 DEBUG 'ansible_navigator.main' After rollback: playbook_artifact_enable = 'Not set' (Constants/Not set)
2025-09-22T10:01:33.557201+00:00 DEBUG 'ansible_navigator.main' After rollback: playbook_artifact_replay = 'Not set' (Constants/Not set)
2025-09-22T10:01:33.557218+00:00 DEBUG 'ansible_navigator.main' After rollback: playbook_artifact_save_as = 'Not set' (Constants/Not set)
2025-09-22T10:01:33.557235+00:00 DEBUG 'ansible_navigator.main' After rollback: plugin_name = 'Not set' (Constants/Not set)
2025-09-22T10:01:33.557251+00:00 DEBUG 'ansible_navigator.main' After rollback: plugin_type = 'Not set' (Constants/Not set)
2025-09-22T10:01:33.557268+00:00 DEBUG 'ansible_navigator.main' After rollback: pull_arguments = 'Not set' (Constants/Not set)
2025-09-22T10:01:33.557285+00:00 DEBUG 'ansible_navigator.main' After rollback: pull_policy = 'Not set' (Constants/Not set)
2025-09-22T10:01:33.557302+00:00 DEBUG 'ansible_navigator.main' After rollback: set_environment_variable = 'Not set' (Constants/Not set)
2025-09-22T10:01:33.557318+00:00 DEBUG 'ansible_navigator.main' After rollback: settings_effective = 'Not set' (Constants/Not set)
2025-09-22T10:01:33.557334+00:00 DEBUG 'ansible_navigator.main' After rollback: settings_sample = 'Not set' (Constants/Not set)
2025-09-22T10:01:33.557351+00:00 DEBUG 'ansible_navigator.main' After rollback: settings_schema = 'Not set' (Constants/Not set)
2025-09-22T10:01:33.557368+00:00 DEBUG 'ansible_navigator.main' After rollback: settings_sources = 'Not set' (Constants/Not set)
2025-09-22T10:01:33.557384+00:00 DEBUG 'ansible_navigator.main' After rollback: time_zone = 'Not set' (Constants/Not set)
2025-09-22T10:01:33.557400+00:00 DEBUG 'ansible_navigator.main' After rollback: workdir = 'Not set' (Constants/Not set)
2025-09-22T10:01:33.557417+00:00 DEBUG 'ansible_navigator.main' Configuration rollback complete.
2025-09-22T10:01:33.557434+00:00 DEBUG 'ansible_navigator.main' Collection doc cache not mounted
2025-09-22T10:01:33.557469+00:00 WARNING 'ansible_navigator.main' Issues were found while applying the settings.
2025-09-22T10:01:33.557490+00:00 INFO 'ansible_navigator.main' Command provided: 'inventory --list --yaml'
2025-09-22T10:01:33.557513+00:00 ERROR 'ansible_navigator.main' An inventory is required when using the inventory subcommand
2025-09-22T10:01:33.557533+00:00 INFO 'ansible_navigator.main' Try again with '-i <path to inventory>'
2025-09-22T10:01:33.557552+00:00 INFO 'ansible_navigator.main' Configuration failed, using default log file location. (/home/student/trafikverket/borlange_inventory/group_vars/all/ansible-navigator.log) Log level set to debug
2025-09-22T10:01:33.557572+00:00 INFO 'ansible_navigator.main' Review the hints and log file to see what went wrong.
