2023-03-28T20:47:46.373575+00:00 ERROR 'ansible_navigator.image_manager.puller._log_message' Execution environment pull failed
2023-03-28T20:47:56.185106+00:00 ERROR 'ansible_navigator.image_manager.puller._log_message' Execution environment pull failed
2023-03-28T20:48:16.276680+00:00 ERROR 'ansible_navigator.actions.collections._parse' /usr/share/ansible/collections/ansible_collections/ansible/network/roles/resource_manager/meta/argument_specs.yml Failed to find argument_specs.yml for role in ansible.network.
2023-03-28T20:48:16.277121+00:00 ERROR 'ansible_navigator.actions.collections._parse' /usr/share/ansible/collections/ansible_collections/ansible/network/roles/resource_manager/meta/main.yml Failed to find main.yml for role in ansible.network.
2023-03-28T20:48:16.277157+00:00 ERROR 'ansible_navigator.actions.collections._parse' /usr/share/ansible/collections/ansible_collections/redhat/insights/roles/compliance/meta/argument_specs.yml Failed to find argument_specs.yml for role in redhat.insights.
2023-03-28T20:48:16.277177+00:00 ERROR 'ansible_navigator.actions.collections._parse' /usr/share/ansible/collections/ansible_collections/redhat/insights/roles/insights_client/meta/argument_specs.yml Failed to find argument_specs.yml for role in redhat.insights.
2023-03-28T20:48:16.277194+00:00 ERROR 'ansible_navigator.actions.collections._parse' /usr/share/ansible/collections/ansible_collections/redhat/rhv/roles/cluster_upgrade/meta/argument_specs.yml Failed to find argument_specs.yml for role in redhat.rhv.
2023-03-28T20:48:16.277212+00:00 ERROR 'ansible_navigator.actions.collections._parse' /usr/share/ansible/collections/ansible_collections/redhat/rhv/roles/cluster_upgrade/meta/main.yml Failed to find main.yml for role in redhat.rhv.
2023-03-28T20:48:16.277231+00:00 ERROR 'ansible_navigator.actions.collections._parse' /usr/share/ansible/collections/ansible_collections/redhat/rhv/roles/disaster_recovery/meta/argument_specs.yml Failed to find argument_specs.yml for role in redhat.rhv.
2023-03-28T20:48:16.277248+00:00 ERROR 'ansible_navigator.actions.collections._parse' /usr/share/ansible/collections/ansible_collections/redhat/rhv/roles/disaster_recovery/meta/main.yml Failed to find main.yml for role in redhat.rhv.
2023-03-28T20:48:16.277264+00:00 ERROR 'ansible_navigator.actions.collections._parse' /usr/share/ansible/collections/ansible_collections/redhat/rhv/roles/engine_setup/meta/argument_specs.yml Failed to find argument_specs.yml for role in redhat.rhv.
2023-03-28T20:48:16.277280+00:00 ERROR 'ansible_navigator.actions.collections._parse' /usr/share/ansible/collections/ansible_collections/redhat/rhv/roles/engine_setup/meta/main.yml Failed to find main.yml for role in redhat.rhv.
2023-03-28T20:48:16.277296+00:00 ERROR 'ansible_navigator.actions.collections._parse' /usr/share/ansible/collections/ansible_collections/redhat/rhv/roles/hosted_engine_setup/meta/argument_specs.yml Failed to find argument_specs.yml for role in redhat.rhv.
2023-03-28T20:48:16.277312+00:00 ERROR 'ansible_navigator.actions.collections._parse' /usr/share/ansible/collections/ansible_collections/redhat/rhv/roles/hosted_engine_setup/meta/main.yml Failed to find main.yml for role in redhat.rhv.
2023-03-28T20:48:16.277346+00:00 ERROR 'ansible_navigator.actions.collections._parse' /usr/share/ansible/collections/ansible_collections/redhat/rhv/roles/image_template/meta/argument_specs.yml Failed to find argument_specs.yml for role in redhat.rhv.
2023-03-28T20:48:16.277372+00:00 ERROR 'ansible_navigator.actions.collections._parse' /usr/share/ansible/collections/ansible_collections/redhat/rhv/roles/image_template/meta/main.yml Failed to find main.yml for role in redhat.rhv.
2023-03-28T20:48:16.277390+00:00 ERROR 'ansible_navigator.actions.collections._parse' /usr/share/ansible/collections/ansible_collections/redhat/rhv/roles/infra/meta/argument_specs.yml Failed to find argument_specs.yml for role in redhat.rhv.
2023-03-28T20:48:16.277407+00:00 ERROR 'ansible_navigator.actions.collections._parse' /usr/share/ansible/collections/ansible_collections/redhat/rhv/roles/infra/meta/main.yml Failed to find main.yml for role in redhat.rhv.
2023-03-28T20:48:16.277430+00:00 ERROR 'ansible_navigator.actions.collections._parse' /usr/share/ansible/collections/ansible_collections/redhat/rhv/roles/manageiq/meta/argument_specs.yml Failed to find argument_specs.yml for role in redhat.rhv.
2023-03-28T20:48:16.277447+00:00 ERROR 'ansible_navigator.actions.collections._parse' /usr/share/ansible/collections/ansible_collections/redhat/rhv/roles/manageiq/meta/main.yml Failed to find main.yml for role in redhat.rhv.
2023-03-28T20:48:16.277464+00:00 ERROR 'ansible_navigator.actions.collections._parse' /usr/share/ansible/collections/ansible_collections/redhat/rhv/roles/remove_stale_lun/meta/argument_specs.yml Failed to find argument_specs.yml for role in redhat.rhv.
2023-03-28T20:48:16.277481+00:00 ERROR 'ansible_navigator.actions.collections._parse' /usr/share/ansible/collections/ansible_collections/redhat/rhv/roles/remove_stale_lun/meta/main.yml Failed to find main.yml for role in redhat.rhv.
2023-03-28T20:48:16.277497+00:00 ERROR 'ansible_navigator.actions.collections._parse' /usr/share/ansible/collections/ansible_collections/redhat/rhv/roles/repositories/meta/argument_specs.yml Failed to find argument_specs.yml for role in redhat.rhv.
2023-03-28T20:48:16.277514+00:00 ERROR 'ansible_navigator.actions.collections._parse' /usr/share/ansible/collections/ansible_collections/redhat/rhv/roles/repositories/meta/main.yml Failed to find main.yml for role in redhat.rhv.
2023-03-28T20:48:16.277530+00:00 ERROR 'ansible_navigator.actions.collections._parse' /usr/share/ansible/collections/ansible_collections/redhat/rhv/roles/shutdown_env/meta/argument_specs.yml Failed to find argument_specs.yml for role in redhat.rhv.
2023-03-28T20:48:16.277546+00:00 ERROR 'ansible_navigator.actions.collections._parse' /usr/share/ansible/collections/ansible_collections/redhat/rhv/roles/shutdown_env/meta/main.yml Failed to find main.yml for role in redhat.rhv.
2023-03-28T20:48:16.277562+00:00 ERROR 'ansible_navigator.actions.collections._parse' /usr/share/ansible/collections/ansible_collections/redhat/rhv/roles/vm_infra/meta/argument_specs.yml Failed to find argument_specs.yml for role in redhat.rhv.
2023-03-28T20:48:16.277578+00:00 ERROR 'ansible_navigator.actions.collections._parse' /usr/share/ansible/collections/ansible_collections/redhat/rhv/roles/vm_infra/meta/main.yml Failed to find main.yml for role in redhat.rhv.
2023-03-28T20:48:16.277594+00:00 ERROR 'ansible_navigator.actions.collections._parse' /usr/share/ansible/collections/ansible_collections/redhat/satellite/roles/activation_keys/meta/argument_specs.yml Failed to find argument_specs.yml for role in redhat.satellite.
2023-03-28T20:48:16.277610+00:00 ERROR 'ansible_navigator.actions.collections._parse' /usr/share/ansible/collections/ansible_collections/redhat/satellite/roles/activation_keys/meta/main.yml Failed to find main.yml for role in redhat.satellite.
2023-03-28T20:48:16.277627+00:00 ERROR 'ansible_navigator.actions.collections._parse' /usr/share/ansible/collections/ansible_collections/redhat/satellite/roles/auth_sources_ldap/meta/argument_specs.yml Failed to find argument_specs.yml for role in redhat.satellite.
2023-03-28T20:48:16.277643+00:00 ERROR 'ansible_navigator.actions.collections._parse' /usr/share/ansible/collections/ansible_collections/redhat/satellite/roles/auth_sources_ldap/meta/main.yml Failed to find main.yml for role in redhat.satellite.
2023-03-28T20:48:16.277659+00:00 ERROR 'ansible_navigator.actions.collections._parse' /usr/share/ansible/collections/ansible_collections/redhat/satellite/roles/compute_profiles/meta/argument_specs.yml Failed to find argument_specs.yml for role in redhat.satellite.
2023-03-28T20:48:16.277675+00:00 ERROR 'ansible_navigator.actions.collections._parse' /usr/share/ansible/collections/ansible_collections/redhat/satellite/roles/compute_profiles/meta/main.yml Failed to find main.yml for role in redhat.satellite.
2023-03-28T20:48:16.277691+00:00 ERROR 'ansible_navigator.actions.collections._parse' /usr/share/ansible/collections/ansible_collections/redhat/satellite/roles/compute_resources/meta/argument_specs.yml Failed to find argument_specs.yml for role in redhat.satellite.
2023-03-28T20:48:16.277709+00:00 ERROR 'ansible_navigator.actions.collections._parse' /usr/share/ansible/collections/ansible_collections/redhat/satellite/roles/compute_resources/meta/main.yml Failed to find main.yml for role in redhat.satellite.
2023-03-28T20:48:16.277726+00:00 ERROR 'ansible_navigator.actions.collections._parse' /usr/share/ansible/collections/ansible_collections/redhat/satellite/roles/content_credentials/meta/argument_specs.yml Failed to find argument_specs.yml for role in redhat.satellite.
2023-03-28T20:48:16.277742+00:00 ERROR 'ansible_navigator.actions.collections._parse' /usr/share/ansible/collections/ansible_collections/redhat/satellite/roles/content_credentials/meta/main.yml Failed to find main.yml for role in redhat.satellite.
2023-03-28T20:48:16.277758+00:00 ERROR 'ansible_navigator.actions.collections._parse' /usr/share/ansible/collections/ansible_collections/redhat/satellite/roles/content_rhel/meta/argument_specs.yml Failed to find argument_specs.yml for role in redhat.satellite.
2023-03-28T20:48:16.277774+00:00 ERROR 'ansible_navigator.actions.collections._parse' /usr/share/ansible/collections/ansible_collections/redhat/satellite/roles/content_rhel/meta/main.yml Failed to find main.yml for role in redhat.satellite.
2023-03-28T20:48:16.277815+00:00 ERROR 'ansible_navigator.actions.collections._parse' /usr/share/ansible/collections/ansible_collections/redhat/satellite/roles/content_view_publish/meta/argument_specs.yml Failed to find argument_specs.yml for role in redhat.satellite.
2023-03-28T20:48:16.277843+00:00 ERROR 'ansible_navigator.actions.collections._parse' /usr/share/ansible/collections/ansible_collections/redhat/satellite/roles/content_view_publish/meta/main.yml Failed to find main.yml for role in redhat.satellite.
2023-03-28T20:48:16.277861+00:00 ERROR 'ansible_navigator.actions.collections._parse' /usr/share/ansible/collections/ansible_collections/redhat/satellite/roles/content_view_version_cleanup/meta/argument_specs.yml Failed to find argument_specs.yml for role in redhat.satellite.
2023-03-28T20:48:16.277879+00:00 ERROR 'ansible_navigator.actions.collections._parse' /usr/share/ansible/collections/ansible_collections/redhat/satellite/roles/content_view_version_cleanup/meta/main.yml Failed to find main.yml for role in redhat.satellite.
2023-03-28T20:48:16.277896+00:00 ERROR 'ansible_navigator.actions.collections._parse' /usr/share/ansible/collections/ansible_collections/redhat/satellite/roles/content_views/meta/argument_specs.yml Failed to find argument_specs.yml for role in redhat.satellite.
2023-03-28T20:48:16.277913+00:00 ERROR 'ansible_navigator.actions.collections._parse' /usr/share/ansible/collections/ansible_collections/redhat/satellite/roles/content_views/meta/main.yml Failed to find main.yml for role in redhat.satellite.
2023-03-28T20:48:16.277930+00:00 ERROR 'ansible_navigator.actions.collections._parse' /usr/share/ansible/collections/ansible_collections/redhat/satellite/roles/convert2rhel/meta/argument_specs.yml Failed to find argument_specs.yml for role in redhat.satellite.
2023-03-28T20:48:16.277951+00:00 ERROR 'ansible_navigator.actions.collections._parse' /usr/share/ansible/collections/ansible_collections/redhat/satellite/roles/convert2rhel/meta/main.yml Failed to find main.yml for role in redhat.satellite.
2023-03-28T20:48:16.277970+00:00 ERROR 'ansible_navigator.actions.collections._parse' /usr/share/ansible/collections/ansible_collections/redhat/satellite/roles/domains/meta/argument_specs.yml Failed to find argument_specs.yml for role in redhat.satellite.
2023-03-28T20:48:16.277992+00:00 ERROR 'ansible_navigator.actions.collections._parse' /usr/share/ansible/collections/ansible_collections/redhat/satellite/roles/domains/meta/main.yml Failed to find main.yml for role in redhat.satellite.
2023-03-28T20:48:16.278008+00:00 ERROR 'ansible_navigator.actions.collections._parse' /usr/share/ansible/collections/ansible_collections/redhat/satellite/roles/hostgroups/meta/argument_specs.yml Failed to find argument_specs.yml for role in redhat.satellite.
2023-03-28T20:48:16.278033+00:00 ERROR 'ansible_navigator.actions.collections._parse' /usr/share/ansible/collections/ansible_collections/redhat/satellite/roles/hostgroups/meta/main.yml Failed to find main.yml for role in redhat.satellite.
2023-03-28T20:48:16.278050+00:00 ERROR 'ansible_navigator.actions.collections._parse' /usr/share/ansible/collections/ansible_collections/redhat/satellite/roles/lifecycle_environments/meta/argument_specs.yml Failed to find argument_specs.yml for role in redhat.satellite.
2023-03-28T20:48:16.278068+00:00 ERROR 'ansible_navigator.actions.collections._parse' /usr/share/ansible/collections/ansible_collections/redhat/satellite/roles/lifecycle_environments/meta/main.yml Failed to find main.yml for role in redhat.satellite.
2023-03-28T20:48:16.278084+00:00 ERROR 'ansible_navigator.actions.collections._parse' /usr/share/ansible/collections/ansible_collections/redhat/satellite/roles/manifest/meta/argument_specs.yml Failed to find argument_specs.yml for role in redhat.satellite.
2023-03-28T20:48:16.278100+00:00 ERROR 'ansible_navigator.actions.collections._parse' /usr/share/ansible/collections/ansible_collections/redhat/satellite/roles/manifest/meta/main.yml Failed to find main.yml for role in redhat.satellite.
2023-03-28T20:48:16.278116+00:00 ERROR 'ansible_navigator.actions.collections._parse' /usr/share/ansible/collections/ansible_collections/redhat/satellite/roles/operatingsystems/meta/argument_specs.yml Failed to find argument_specs.yml for role in redhat.satellite.
2023-03-28T20:48:16.278132+00:00 ERROR 'ansible_navigator.actions.collections._parse' /usr/share/ansible/collections/ansible_collections/redhat/satellite/roles/operatingsystems/meta/main.yml Failed to find main.yml for role in redhat.satellite.
2023-03-28T20:48:16.278148+00:00 ERROR 'ansible_navigator.actions.collections._parse' /usr/share/ansible/collections/ansible_collections/redhat/satellite/roles/organizations/meta/argument_specs.yml Failed to find argument_specs.yml for role in redhat.satellite.
2023-03-28T20:48:16.278164+00:00 ERROR 'ansible_navigator.actions.collections._parse' /usr/share/ansible/collections/ansible_collections/redhat/satellite/roles/organizations/meta/main.yml Failed to find main.yml for role in redhat.satellite.
2023-03-28T20:48:16.278180+00:00 ERROR 'ansible_navigator.actions.collections._parse' /usr/share/ansible/collections/ansible_collections/redhat/satellite/roles/provisioning_templates/meta/argument_specs.yml Failed to find argument_specs.yml for role in redhat.satellite.
2023-03-28T20:48:16.278195+00:00 ERROR 'ansible_navigator.actions.collections._parse' /usr/share/ansible/collections/ansible_collections/redhat/satellite/roles/provisioning_templates/meta/main.yml Failed to find main.yml for role in redhat.satellite.
2023-03-28T20:48:16.278228+00:00 ERROR 'ansible_navigator.actions.collections._parse' /usr/share/ansible/collections/ansible_collections/redhat/satellite/roles/repositories/meta/argument_specs.yml Failed to find argument_specs.yml for role in redhat.satellite.
2023-03-28T20:48:16.278252+00:00 ERROR 'ansible_navigator.actions.collections._parse' /usr/share/ansible/collections/ansible_collections/redhat/satellite/roles/repositories/meta/main.yml Failed to find main.yml for role in redhat.satellite.
2023-03-28T20:48:16.278272+00:00 ERROR 'ansible_navigator.actions.collections._parse' /usr/share/ansible/collections/ansible_collections/redhat/satellite/roles/settings/meta/argument_specs.yml Failed to find argument_specs.yml for role in redhat.satellite.
2023-03-28T20:48:16.278289+00:00 ERROR 'ansible_navigator.actions.collections._parse' /usr/share/ansible/collections/ansible_collections/redhat/satellite/roles/settings/meta/main.yml Failed to find main.yml for role in redhat.satellite.
2023-03-28T20:48:16.278306+00:00 ERROR 'ansible_navigator.actions.collections._parse' /usr/share/ansible/collections/ansible_collections/redhat/satellite/roles/subnets/meta/argument_specs.yml Failed to find argument_specs.yml for role in redhat.satellite.
2023-03-28T20:48:16.278324+00:00 ERROR 'ansible_navigator.actions.collections._parse' /usr/share/ansible/collections/ansible_collections/redhat/satellite/roles/subnets/meta/main.yml Failed to find main.yml for role in redhat.satellite.
2023-03-28T20:48:16.278365+00:00 ERROR 'ansible_navigator.actions.collections._parse' /usr/share/ansible/collections/ansible_collections/redhat/satellite/roles/sync_plans/meta/argument_specs.yml Failed to find argument_specs.yml for role in redhat.satellite.
2023-03-28T20:48:16.278403+00:00 ERROR 'ansible_navigator.actions.collections._parse' /usr/share/ansible/collections/ansible_collections/redhat/satellite/roles/sync_plans/meta/main.yml Failed to find main.yml for role in redhat.satellite.
2023-03-28T20:49:49.840498+00:00 INFO 'ansible_navigator.setup_logger' New ansible-navigator instance, logging initialized
2023-03-28T20:49:49.840686+00:00 INFO 'ansible_navigator.setup_logger' New ansible-runner instance, logging initialized
2023-03-28T20:49:49.840715+00:00 DEBUG 'ansible_navigator.main' ansible-builder==1.1.0 /usr/lib/python3.9/site-packages
2023-03-28T20:49:49.840736+00:00 DEBUG 'ansible_navigator.main' ansible-compat==2.0.2 /usr/lib/python3.9/site-packages
2023-03-28T20:49:49.840754+00:00 DEBUG 'ansible_navigator.main' ansible-core==2.13.0 /usr/lib/python3.9/site-packages
2023-03-28T20:49:49.840772+00:00 DEBUG 'ansible_navigator.main' ansible-lint==6.0.2 /usr/lib/python3.9/site-packages
2023-03-28T20:49:49.840817+00:00 DEBUG 'ansible_navigator.main' ansible-navigator==2.1.0 /usr/lib/python3.9/site-packages
2023-03-28T20:49:49.840846+00:00 DEBUG 'ansible_navigator.main' ansible-runner==2.2.0 /usr/lib/python3.9/site-packages
2023-03-28T20:49:49.840865+00:00 DEBUG 'ansible_navigator.main' attrs==21.4.0 /usr/lib/python3.9/site-packages
2023-03-28T20:49:49.840883+00:00 DEBUG 'ansible_navigator.main' awxkit==4.2.0 /usr/lib/python3.9/site-packages
2023-03-28T20:49:49.840900+00:00 DEBUG 'ansible_navigator.main' bindep==2.10.2 /usr/lib/python3.9/site-packages
2023-03-28T20:49:49.840916+00:00 DEBUG 'ansible_navigator.main' bracex==2.2.1 /usr/lib/python3.9/site-packages
2023-03-28T20:49:49.840933+00:00 DEBUG 'ansible_navigator.main' cffi==1.14.3 /usr/lib64/python3.9/site-packages
2023-03-28T20:49:49.840950+00:00 DEBUG 'ansible_navigator.main' chardet==3.0.4 /usr/lib/python3.9/site-packages
2023-03-28T20:49:49.840966+00:00 DEBUG 'ansible_navigator.main' commonmark==0.9.1 /usr/lib/python3.9/site-packages
2023-03-28T20:49:49.840983+00:00 DEBUG 'ansible_navigator.main' cryptography==3.3.1 /usr/lib64/python3.9/site-packages
2023-03-28T20:49:49.841017+00:00 DEBUG 'ansible_navigator.main' distro==1.6.0 /usr/lib/python3.9/site-packages
2023-03-28T20:49:49.841041+00:00 DEBUG 'ansible_navigator.main' docutils==0.16 /usr/lib/python3.9/site-packages
2023-03-28T20:49:49.841060+00:00 DEBUG 'ansible_navigator.main' enrich==1.2.7 /usr/lib/python3.9/site-packages
2023-03-28T20:49:49.841076+00:00 DEBUG 'ansible_navigator.main' flake8==3.9.2 /usr/lib/python3.9/site-packages
2023-03-28T20:49:49.841093+00:00 DEBUG 'ansible_navigator.main' future==0.18.2 /usr/lib/python3.9/site-packages
2023-03-28T20:49:49.841110+00:00 DEBUG 'ansible_navigator.main' idna==2.10 /usr/lib/python3.9/site-packages
2023-03-28T20:49:49.841126+00:00 DEBUG 'ansible_navigator.main' importlib-metadata==4.10.1 /usr/lib/python3.9/site-packages
2023-03-28T20:49:49.841141+00:00 DEBUG 'ansible_navigator.main' jinja2==3.0.3 /usr/lib/python3.9/site-packages
2023-03-28T20:49:49.841157+00:00 DEBUG 'ansible_navigator.main' jsonschema==3.2.0 /usr/lib/python3.9/site-packages
2023-03-28T20:49:49.841173+00:00 DEBUG 'ansible_navigator.main' lockfile==0.12.2 /usr/lib/python3.9/site-packages
2023-03-28T20:49:49.841189+00:00 DEBUG 'ansible_navigator.main' markupsafe==2.1.0 /usr/lib64/python3.9/site-packages
2023-03-28T20:49:49.841204+00:00 DEBUG 'ansible_navigator.main' mccabe==0.6.1 /usr/lib/python3.9/site-packages
2023-03-28T20:49:49.841220+00:00 DEBUG 'ansible_navigator.main' onigurumacffi==1.1.0 /usr/lib64/python3.9/site-packages
2023-03-28T20:49:49.841241+00:00 DEBUG 'ansible_navigator.main' packaging==21.2 /usr/lib/python3.9/site-packages
2023-03-28T20:49:49.841257+00:00 DEBUG 'ansible_navigator.main' parsley==1.3 /usr/lib/python3.9/site-packages
2023-03-28T20:49:49.841273+00:00 DEBUG 'ansible_navigator.main' pathspec==0.9.0 /usr/lib/python3.9/site-packages
2023-03-28T20:49:49.841288+00:00 DEBUG 'ansible_navigator.main' pbr==5.8.1 /usr/lib/python3.9/site-packages
2023-03-28T20:49:49.841304+00:00 DEBUG 'ansible_navigator.main' pexpect==4.8.0 /usr/lib/python3.9/site-packages
2023-03-28T20:49:49.841319+00:00 DEBUG 'ansible_navigator.main' pip==20.2.4 /usr/lib/python3.9/site-packages
2023-03-28T20:49:49.841335+00:00 DEBUG 'ansible_navigator.main' ply==3.11 /usr/lib/python3.9/site-packages
2023-03-28T20:49:49.841350+00:00 DEBUG 'ansible_navigator.main' ptyprocess==0.6.0 /usr/lib/python3.9/site-packages
2023-03-28T20:49:49.841365+00:00 DEBUG 'ansible_navigator.main' pycodestyle==2.7.0 /usr/lib/python3.9/site-packages
2023-03-28T20:49:49.841381+00:00 DEBUG 'ansible_navigator.main' pycparser==2.20 /usr/lib/python3.9/site-packages
2023-03-28T20:49:49.841396+00:00 DEBUG 'ansible_navigator.main' pyflakes==2.3.1 /usr/lib/python3.9/site-packages
2023-03-28T20:49:49.841412+00:00 DEBUG 'ansible_navigator.main' pygments==2.11.2 /usr/lib/python3.9/site-packages
2023-03-28T20:49:49.841427+00:00 DEBUG 'ansible_navigator.main' pyparsing==2.4.7 /usr/lib/python3.9/site-packages
2023-03-28T20:49:49.841442+00:00 DEBUG 'ansible_navigator.main' pyrsistent==0.18.1 /usr/lib64/python3.9/site-packages
2023-03-28T20:49:49.841457+00:00 DEBUG 'ansible_navigator.main' pysocks==1.7.1 /usr/lib/python3.9/site-packages
2023-03-28T20:49:49.841479+00:00 DEBUG 'ansible_navigator.main' python-daemon==2.3.0 /usr/lib/python3.9/site-packages
2023-03-28T20:49:49.841495+00:00 DEBUG 'ansible_navigator.main' pyyaml==5.4.1 /usr/lib64/python3.9/site-packages
2023-03-28T20:49:49.841512+00:00 DEBUG 'ansible_navigator.main' requests==2.25.0 /usr/lib/python3.9/site-packages
2023-03-28T20:49:49.841528+00:00 DEBUG 'ansible_navigator.main' requirements-parser==0.2.0 /usr/lib/python3.9/site-packages
2023-03-28T20:49:49.841546+00:00 DEBUG 'ansible_navigator.main' resolvelib==0.5.4 /usr/lib/python3.9/site-packages
2023-03-28T20:49:49.841561+00:00 DEBUG 'ansible_navigator.main' rich==12.0.0 /usr/lib/python3.9/site-packages
2023-03-28T20:49:49.841576+00:00 DEBUG 'ansible_navigator.main' ruamel.yaml.clib==0.2.6 /usr/lib64/python3.9/site-packages
2023-03-28T20:49:49.841592+00:00 DEBUG 'ansible_navigator.main' ruamel.yaml==0.17.21 /usr/lib/python3.9/site-packages
2023-03-28T20:49:49.841608+00:00 DEBUG 'ansible_navigator.main' setuptools==50.3.2 /usr/lib/python3.9/site-packages
2023-03-28T20:49:49.841623+00:00 DEBUG 'ansible_navigator.main' six==1.15.0 /usr/lib/python3.9/site-packages
2023-03-28T20:49:49.841638+00:00 DEBUG 'ansible_navigator.main' subprocess-tee==0.3.5 /usr/lib/python3.9/site-packages
2023-03-28T20:49:49.841654+00:00 DEBUG 'ansible_navigator.main' typing-extensions==3.10.0.2 /usr/lib/python3.9/site-packages
2023-03-28T20:49:49.841669+00:00 DEBUG 'ansible_navigator.main' urllib3==1.25.10 /usr/lib/python3.9/site-packages
2023-03-28T20:49:49.841685+00:00 DEBUG 'ansible_navigator.main' wcmatch==8.3 /usr/lib/python3.9/site-packages
2023-03-28T20:49:49.841700+00:00 DEBUG 'ansible_navigator.main' yamllint==1.26.3 /usr/lib/python3.9/site-packages
2023-03-28T20:49:49.841716+00:00 DEBUG 'ansible_navigator.main' zipp==3.4.0 /usr/lib/python3.9/site-packages
2023-03-28T20:49:49.841731+00:00 DEBUG 'ansible_navigator.main' Share directory '/usr/lib/python3.9/share/ansible_navigator' not found (development path)
2023-03-28T20:49:49.841749+00:00 DEBUG 'ansible_navigator.main' Share directory '/home/student/.local/share/ansible_navigator' not found (userbase)
2023-03-28T20:49:49.841765+00:00 DEBUG 'ansible_navigator.main' Share directory '/usr/share/ansible_navigator' found (sys.prefix)
2023-03-28T20:49:49.841780+00:00 DEBUG 'ansible_navigator.main' Default collection_doc_cache_path set to: /home/student/.cache/ansible-navigator/collection_doc_cache.db
2023-03-28T20:49:49.841833+00:00 DEBUG 'ansible_navigator.main' EDITOR environment variable not set
2023-03-28T20:49:49.841854+00:00 DEBUG 'ansible_navigator.main' Default editor_command set to: vi +{line_number} {filename}
2023-03-28T20:49:49.841871+00:00 DEBUG 'ansible_navigator.main' No config file set by ANSIBLE_NAVIGATOR_CONFIG
2023-03-28T20:49:49.841887+00:00 DEBUG 'ansible_navigator.main' Looking in /home/student
2023-03-28T20:49:49.841904+00:00 DEBUG 'ansible_navigator.main' Looking for '/home/student/.ansible-navigator.yml', '/home/student/.ansible-navigator.yaml' and '/home/student/.ansible-navigator.json'
2023-03-28T20:49:49.841921+00:00 DEBUG 'ansible_navigator.main' Found 0: 
2023-03-28T20:49:49.841937+00:00 DEBUG 'ansible_navigator.main' Looking in /home/student/tower_playbooks/chapter2/ge1
2023-03-28T20:49:49.841953+00:00 DEBUG 'ansible_navigator.main' Looking for '/home/student/tower_playbooks/chapter2/ge1/ansible-navigator.yml', '/home/student/tower_playbooks/chapter2/ge1/ansible-navigator.yaml' and '/home/student/tower_playbooks/chapter2/ge1/ansible-navigator.json'
2023-03-28T20:49:49.841970+00:00 DEBUG 'ansible_navigator.main' Found 0: 
2023-03-28T20:49:49.841986+00:00 DEBUG 'ansible_navigator.main' All found 0: 
2023-03-28T20:49:49.842019+00:00 DEBUG 'ansible_navigator.main' Using: None
2023-03-28T20:49:49.842041+00:00 DEBUG 'ansible_navigator.main' No valid settings file found, using all default values for settings.
2023-03-28T20:49:49.842060+00:00 DEBUG 'ansible_navigator.main' Command provided: 'play_users.yml'
2023-03-28T20:49:49.842079+00:00 WARNING 'ansible_navigator.main' Configuration errors encountered, rolling back to previous configuration.
2023-03-28T20:49:49.842096+00:00 DEBUG 'ansible_navigator.main' Prior to rollback: ansible_runner_artifact_dir = 'Not set' (Constants/Not set)
2023-03-28T20:49:49.842112+00:00 DEBUG 'ansible_navigator.main' Prior to rollback: ansible_runner_rotate_artifacts_count = 'Not set' (Constants/Not set)
2023-03-28T20:49:49.842128+00:00 DEBUG 'ansible_navigator.main' Prior to rollback: ansible_runner_timeout = 'Not set' (Constants/Not set)
2023-03-28T20:49:49.842144+00:00 DEBUG 'ansible_navigator.main' Prior to rollback: app = 'welcome' (str/Defaults)
2023-03-28T20:49:49.842161+00:00 DEBUG 'ansible_navigator.main' Prior to rollback: cmdline = '['play_users.yml']' (list/Command line)
2023-03-28T20:49:49.842177+00:00 DEBUG 'ansible_navigator.main' Prior to rollback: collection_doc_cache_path = '/home/student/.cache/ansible-navigator/collection_doc_cache.db' (str/Defaults)
2023-03-28T20:49:49.842193+00:00 DEBUG 'ansible_navigator.main' Prior to rollback: config = 'Not set' (Constants/Not set)
2023-03-28T20:49:49.842209+00:00 DEBUG 'ansible_navigator.main' Prior to rollback: container_engine = 'auto' (str/Defaults)
2023-03-28T20:49:49.842225+00:00 DEBUG 'ansible_navigator.main' Prior to rollback: container_options = 'Not set' (Constants/Not set)
2023-03-28T20:49:49.842241+00:00 DEBUG 'ansible_navigator.main' Prior to rollback: display_color = 'True' (bool/Defaults)
2023-03-28T20:49:49.842257+00:00 DEBUG 'ansible_navigator.main' Prior to rollback: editor_command = 'vi +{line_number} {filename}' (str/Defaults)
2023-03-28T20:49:49.842273+00:00 DEBUG 'ansible_navigator.main' Prior to rollback: editor_console = 'True' (bool/Defaults)
2023-03-28T20:49:49.842289+00:00 DEBUG 'ansible_navigator.main' Prior to rollback: exec_command = '/bin/bash' (str/Defaults)
2023-03-28T20:49:49.842304+00:00 DEBUG 'ansible_navigator.main' Prior to rollback: exec_shell = 'True' (bool/Defaults)
2023-03-28T20:49:49.842320+00:00 DEBUG 'ansible_navigator.main' Prior to rollback: execution_environment = 'True' (bool/Defaults)
2023-03-28T20:49:49.842336+00:00 DEBUG 'ansible_navigator.main' Prior to rollback: execution_environment_image = 'registry.redhat.io/ansible-automation-platform-22/ee-supported-rhel8:latest' (str/Defaults)
2023-03-28T20:49:49.842352+00:00 DEBUG 'ansible_navigator.main' Prior to rollback: execution_environment_volume_mounts = 'Not set' (Constants/Not set)
2023-03-28T20:49:49.842369+00:00 DEBUG 'ansible_navigator.main' Prior to rollback: help_builder = 'False' (bool/Defaults)
2023-03-28T20:49:49.842385+00:00 DEBUG 'ansible_navigator.main' Prior to rollback: help_config = 'False' (bool/Defaults)
2023-03-28T20:49:49.842400+00:00 DEBUG 'ansible_navigator.main' Prior to rollback: help_doc = 'False' (bool/Defaults)
2023-03-28T20:49:49.842416+00:00 DEBUG 'ansible_navigator.main' Prior to rollback: help_inventory = 'False' (bool/Defaults)
2023-03-28T20:49:49.842431+00:00 DEBUG 'ansible_navigator.main' Prior to rollback: help_playbook = 'False' (bool/Defaults)
2023-03-28T20:49:49.842447+00:00 DEBUG 'ansible_navigator.main' Prior to rollback: images_details = '['everything']' (list/Defaults)
2023-03-28T20:49:49.842466+00:00 DEBUG 'ansible_navigator.main' Prior to rollback: inventory = 'Not set' (Constants/Not set)
2023-03-28T20:49:49.842482+00:00 DEBUG 'ansible_navigator.main' Prior to rollback: inventory_column = 'Not set' (Constants/Not set)
2023-03-28T20:49:49.842498+00:00 DEBUG 'ansible_navigator.main' Prior to rollback: lint_config = 'Not set' (Constants/Not set)
2023-03-28T20:49:49.842513+00:00 DEBUG 'ansible_navigator.main' Prior to rollback: lintables = 'Not set' (Constants/Not set)
2023-03-28T20:49:49.842529+00:00 DEBUG 'ansible_navigator.main' Prior to rollback: log_append = 'True' (bool/Defaults)
2023-03-28T20:49:49.842544+00:00 DEBUG 'ansible_navigator.main' Prior to rollback: log_file = '/home/student/tower_playbooks/chapter2/ge1/ansible-navigator.log' (str/Defaults)
2023-03-28T20:49:49.842560+00:00 DEBUG 'ansible_navigator.main' Prior to rollback: log_level = 'warning' (str/Defaults)
2023-03-28T20:49:49.842575+00:00 DEBUG 'ansible_navigator.main' Prior to rollback: mode = 'interactive' (str/Defaults)
2023-03-28T20:49:49.842591+00:00 DEBUG 'ansible_navigator.main' Prior to rollback: osc4 = 'True' (bool/Defaults)
2023-03-28T20:49:49.842606+00:00 DEBUG 'ansible_navigator.main' Prior to rollback: pass_environment_variable = 'Not set' (Constants/Not set)
2023-03-28T20:49:49.842622+00:00 DEBUG 'ansible_navigator.main' Prior to rollback: playbook = 'Not set' (Constants/Not set)
2023-03-28T20:49:49.842638+00:00 DEBUG 'ansible_navigator.main' Prior to rollback: playbook_artifact_enable = 'True' (bool/Defaults)
2023-03-28T20:49:49.842653+00:00 DEBUG 'ansible_navigator.main' Prior to rollback: playbook_artifact_replay = 'Not set' (Constants/Not set)
2023-03-28T20:49:49.842668+00:00 DEBUG 'ansible_navigator.main' Prior to rollback: playbook_artifact_save_as = '{playbook_dir}/{playbook_name}-artifact-{time_stamp}.json' (str/Defaults)
2023-03-28T20:49:49.842684+00:00 DEBUG 'ansible_navigator.main' Prior to rollback: plugin_name = 'Not set' (Constants/Not set)
2023-03-28T20:49:49.842699+00:00 DEBUG 'ansible_navigator.main' Prior to rollback: plugin_type = 'module' (str/Defaults)
2023-03-28T20:49:49.842714+00:00 DEBUG 'ansible_navigator.main' Prior to rollback: pull_arguments = 'Not set' (Constants/Not set)
2023-03-28T20:49:49.842730+00:00 DEBUG 'ansible_navigator.main' Prior to rollback: pull_policy = 'tag' (str/Defaults)
2023-03-28T20:49:49.842745+00:00 DEBUG 'ansible_navigator.main' Prior to rollback: set_environment_variable = 'Not set' (Constants/Not set)
2023-03-28T20:49:49.842761+00:00 DEBUG 'ansible_navigator.main' Prior to rollback: settings_effective = 'False' (bool/Defaults)
2023-03-28T20:49:49.842776+00:00 DEBUG 'ansible_navigator.main' Prior to rollback: settings_sample = 'False' (bool/Defaults)
2023-03-28T20:49:49.842818+00:00 DEBUG 'ansible_navigator.main' Prior to rollback: settings_schema = 'json' (str/Defaults)
2023-03-28T20:49:49.842842+00:00 DEBUG 'ansible_navigator.main' Prior to rollback: settings_sources = 'False' (bool/Defaults)
2023-03-28T20:49:49.842860+00:00 DEBUG 'ansible_navigator.main' Prior to rollback: time_zone = 'UTC' (str/Defaults)
2023-03-28T20:49:49.842878+00:00 DEBUG 'ansible_navigator.main' Prior to rollback: workdir = '/home/student/tower_playbooks/chapter2/ge1' (str/Defaults)
2023-03-28T20:49:49.842896+00:00 DEBUG 'ansible_navigator.main' After rollback: ansible_runner_artifact_dir = 'Not set' (Constants/Not set)
2023-03-28T20:49:49.842912+00:00 DEBUG 'ansible_navigator.main' After rollback: ansible_runner_rotate_artifacts_count = 'Not set' (Constants/Not set)
2023-03-28T20:49:49.842929+00:00 DEBUG 'ansible_navigator.main' After rollback: ansible_runner_timeout = 'Not set' (Constants/Not set)
2023-03-28T20:49:49.842945+00:00 DEBUG 'ansible_navigator.main' After rollback: app = 'Not set' (Constants/Not set)
2023-03-28T20:49:49.842961+00:00 DEBUG 'ansible_navigator.main' After rollback: cmdline = 'Not set' (Constants/Not set)
2023-03-28T20:49:49.842977+00:00 DEBUG 'ansible_navigator.main' After rollback: collection_doc_cache_path = 'Not set' (Constants/Not set)
2023-03-28T20:49:49.842993+00:00 DEBUG 'ansible_navigator.main' After rollback: config = 'Not set' (Constants/Not set)
2023-03-28T20:49:49.843029+00:00 DEBUG 'ansible_navigator.main' After rollback: container_engine = 'Not set' (Constants/Not set)
2023-03-28T20:49:49.843050+00:00 DEBUG 'ansible_navigator.main' After rollback: container_options = 'Not set' (Constants/Not set)
2023-03-28T20:49:49.843067+00:00 DEBUG 'ansible_navigator.main' After rollback: display_color = 'Not set' (Constants/Not set)
2023-03-28T20:49:49.843084+00:00 DEBUG 'ansible_navigator.main' After rollback: editor_command = 'Not set' (Constants/Not set)
2023-03-28T20:49:49.843100+00:00 DEBUG 'ansible_navigator.main' After rollback: editor_console = 'Not set' (Constants/Not set)
2023-03-28T20:49:49.843117+00:00 DEBUG 'ansible_navigator.main' After rollback: exec_command = 'Not set' (Constants/Not set)
2023-03-28T20:49:49.843133+00:00 DEBUG 'ansible_navigator.main' After rollback: exec_shell = 'Not set' (Constants/Not set)
2023-03-28T20:49:49.843149+00:00 DEBUG 'ansible_navigator.main' After rollback: execution_environment = 'Not set' (Constants/Not set)
2023-03-28T20:49:49.843165+00:00 DEBUG 'ansible_navigator.main' After rollback: execution_environment_image = 'Not set' (Constants/Not set)
2023-03-28T20:49:49.843181+00:00 DEBUG 'ansible_navigator.main' After rollback: execution_environment_volume_mounts = 'Not set' (Constants/Not set)
2023-03-28T20:49:49.843196+00:00 DEBUG 'ansible_navigator.main' After rollback: help_builder = 'Not set' (Constants/Not set)
2023-03-28T20:49:49.843212+00:00 DEBUG 'ansible_navigator.main' After rollback: help_config = 'Not set' (Constants/Not set)
2023-03-28T20:49:49.843228+00:00 DEBUG 'ansible_navigator.main' After rollback: help_doc = 'Not set' (Constants/Not set)
2023-03-28T20:49:49.843243+00:00 DEBUG 'ansible_navigator.main' After rollback: help_inventory = 'Not set' (Constants/Not set)
2023-03-28T20:49:49.843259+00:00 DEBUG 'ansible_navigator.main' After rollback: help_playbook = 'Not set' (Constants/Not set)
2023-03-28T20:49:49.843274+00:00 DEBUG 'ansible_navigator.main' After rollback: images_details = 'Not set' (Constants/Not set)
2023-03-28T20:49:49.843289+00:00 DEBUG 'ansible_navigator.main' After rollback: inventory = 'Not set' (Constants/Not set)
2023-03-28T20:49:49.843305+00:00 DEBUG 'ansible_navigator.main' After rollback: inventory_column = 'Not set' (Constants/Not set)
2023-03-28T20:49:49.843321+00:00 DEBUG 'ansible_navigator.main' After rollback: lint_config = 'Not set' (Constants/Not set)
2023-03-28T20:49:49.843336+00:00 DEBUG 'ansible_navigator.main' After rollback: lintables = 'Not set' (Constants/Not set)
2023-03-28T20:49:49.843352+00:00 DEBUG 'ansible_navigator.main' After rollback: log_append = 'Not set' (Constants/Not set)
2023-03-28T20:49:49.843367+00:00 DEBUG 'ansible_navigator.main' After rollback: log_file = 'Not set' (Constants/Not set)
2023-03-28T20:49:49.843383+00:00 DEBUG 'ansible_navigator.main' After rollback: log_level = 'Not set' (Constants/Not set)
2023-03-28T20:49:49.843398+00:00 DEBUG 'ansible_navigator.main' After rollback: mode = 'Not set' (Constants/Not set)
2023-03-28T20:49:49.843414+00:00 DEBUG 'ansible_navigator.main' After rollback: osc4 = 'Not set' (Constants/Not set)
2023-03-28T20:49:49.843429+00:00 DEBUG 'ansible_navigator.main' After rollback: pass_environment_variable = 'Not set' (Constants/Not set)
2023-03-28T20:49:49.843446+00:00 DEBUG 'ansible_navigator.main' After rollback: playbook = 'Not set' (Constants/Not set)
2023-03-28T20:49:49.843465+00:00 DEBUG 'ansible_navigator.main' After rollback: playbook_artifact_enable = 'Not set' (Constants/Not set)
2023-03-28T20:49:49.843482+00:00 DEBUG 'ansible_navigator.main' After rollback: playbook_artifact_replay = 'Not set' (Constants/Not set)
2023-03-28T20:49:49.843499+00:00 DEBUG 'ansible_navigator.main' After rollback: playbook_artifact_save_as = 'Not set' (Constants/Not set)
2023-03-28T20:49:49.843515+00:00 DEBUG 'ansible_navigator.main' After rollback: plugin_name = 'Not set' (Constants/Not set)
2023-03-28T20:49:49.843530+00:00 DEBUG 'ansible_navigator.main' After rollback: plugin_type = 'Not set' (Constants/Not set)
2023-03-28T20:49:49.843546+00:00 DEBUG 'ansible_navigator.main' After rollback: pull_arguments = 'Not set' (Constants/Not set)
2023-03-28T20:49:49.843561+00:00 DEBUG 'ansible_navigator.main' After rollback: pull_policy = 'Not set' (Constants/Not set)
2023-03-28T20:49:49.843578+00:00 DEBUG 'ansible_navigator.main' After rollback: set_environment_variable = 'Not set' (Constants/Not set)
2023-03-28T20:49:49.843593+00:00 DEBUG 'ansible_navigator.main' After rollback: settings_effective = 'Not set' (Constants/Not set)
2023-03-28T20:49:49.843609+00:00 DEBUG 'ansible_navigator.main' After rollback: settings_sample = 'Not set' (Constants/Not set)
2023-03-28T20:49:49.843624+00:00 DEBUG 'ansible_navigator.main' After rollback: settings_schema = 'Not set' (Constants/Not set)
2023-03-28T20:49:49.843639+00:00 DEBUG 'ansible_navigator.main' After rollback: settings_sources = 'Not set' (Constants/Not set)
2023-03-28T20:49:49.843655+00:00 DEBUG 'ansible_navigator.main' After rollback: time_zone = 'Not set' (Constants/Not set)
2023-03-28T20:49:49.843670+00:00 DEBUG 'ansible_navigator.main' After rollback: workdir = 'Not set' (Constants/Not set)
2023-03-28T20:49:49.843686+00:00 DEBUG 'ansible_navigator.main' Configuration rollback complete.
2023-03-28T20:49:49.843702+00:00 DEBUG 'ansible_navigator.main' Collection doc cache not mounted
2023-03-28T20:49:49.843721+00:00 WARNING 'ansible_navigator.main' Issues were found while applying the settings.
2023-03-28T20:49:49.843740+00:00 INFO 'ansible_navigator.main' Command provided: 'play_users.yml'
2023-03-28T20:49:49.843759+00:00 ERROR 'ansible_navigator.main' argument {subcommand} --help: invalid choice: 'play_users.yml' (choose from 'builder', 'collections', 'config', 'doc', 'exec', 'images', 'inventory', 'lint', 'replay', 'run', 'settings', 'welcome')
2023-03-28T20:49:49.843777+00:00 INFO 'ansible_navigator.main' Configuration failed, using default log file location. (/home/student/tower_playbooks/chapter2/ge1/ansible-navigator.log) Log level set to debug
2023-03-28T20:49:49.843823+00:00 INFO 'ansible_navigator.main' Review the hints and log file to see what went wrong.
2023-03-28T20:50:02.338013+00:00 WARNING 'ansible_navigator.image_manager.puller._log_message' Image inspection failed, image assumed to be corrupted or missing
2023-03-28T20:50:02.629570+00:00 ERROR 'ansible_navigator.image_manager.puller._log_message' Execution environment pull failed
2023-03-28T20:50:08.346348+00:00 CRITICAL 'ansible_navigator.actions.run_5e3d._handle_message' Unhandled message from runner queue, discarded: {'event': 'verbose', 'uuid': 'ec25d8a8-91cb-45c9-ab52-6b5e7d9d7efc', 'counter': 1, 'stdout': '\x1b[1;35m[WARNING]: provided hosts list is empty, only localhost is available. Note that\x1b[0m', 'start_line': 0, 'end_line': 1, 'runner_ident': '969d9f81-b0c5-4003-a13b-81514b9214d0', 'created': '2023-03-28T20:50:08.345958'}
2023-03-28T20:50:08.346948+00:00 CRITICAL 'ansible_navigator.actions.run_5e3d._handle_message' Unhandled message from runner queue, discarded: {'event': 'verbose', 'uuid': '52505037-6ee5-4938-80b4-8d57850f2d72', 'counter': 2, 'stdout': "\x1b[1;35mthe implicit localhost does not match 'all'\x1b[0m", 'start_line': 1, 'end_line': 2, 'runner_ident': '969d9f81-b0c5-4003-a13b-81514b9214d0', 'created': '2023-03-28T20:50:08.346725'}
2023-03-28T20:51:26.887024+00:00 CRITICAL 'ansible_navigator.actions.run_b7b3._handle_message' Unhandled message from runner queue, discarded: {'event': 'verbose', 'uuid': 'bfd0d2b9-997c-471b-9215-c28461a8cf0d', 'counter': 1, 'stdout': '\x1b[1;35m[WARNING]: provided hosts list is empty, only localhost is available. Note that\x1b[0m', 'start_line': 0, 'end_line': 1, 'runner_ident': '9379da9e-afea-4d88-ae97-6a16dd39dc69', 'created': '2023-03-28T20:51:26.886554'}
2023-03-28T20:51:26.887497+00:00 CRITICAL 'ansible_navigator.actions.run_b7b3._handle_message' Unhandled message from runner queue, discarded: {'event': 'verbose', 'uuid': '72e79a7a-03af-461f-a912-f39972185ad6', 'counter': 2, 'stdout': "\x1b[1;35mthe implicit localhost does not match 'all'\x1b[0m", 'start_line': 1, 'end_line': 2, 'runner_ident': '9379da9e-afea-4d88-ae97-6a16dd39dc69', 'created': '2023-03-28T20:51:26.886818'}
2023-03-28T20:51:28.220365+00:00 CRITICAL 'ansible_navigator.actions.run_b7b3._handle_message' Unhandled message from runner queue, discarded: {'event': 'verbose', 'uuid': '93326edb-46d9-4618-b896-d13baa1416ae', 'counter': 7, 'stdout': '\x1b[1;35m[WARNING]: The field password of user 2 has encrypted data and may inaccurately\x1b[0m', 'start_line': 6, 'end_line': 7, 'runner_ident': '9379da9e-afea-4d88-ae97-6a16dd39dc69', 'created': '2023-03-28T20:51:28.183024'}
2023-03-28T20:51:28.220466+00:00 CRITICAL 'ansible_navigator.actions.run_b7b3._handle_message' Unhandled message from runner queue, discarded: {'event': 'verbose', 'uuid': '914d53a4-5266-48f6-9439-97db76ce6b66', 'counter': 8, 'stdout': '\x1b[1;35mreport task is changed.\x1b[0m', 'start_line': 7, 'end_line': 8, 'runner_ident': '9379da9e-afea-4d88-ae97-6a16dd39dc69', 'created': '2023-03-28T20:51:28.183024'}
2023-03-28T20:52:04.686015+00:00 CRITICAL 'ansible_navigator.actions.run_playbook._handle_message' Unhandled message from runner queue, discarded: {'event': 'verbose', 'uuid': 'de4e33bb-1132-45c0-a700-e6cc2e41eb36', 'counter': 1, 'stdout': '\x1b[1;35m[WARNING]: provided hosts list is empty, only localhost is available. Note that\x1b[0m', 'start_line': 0, 'end_line': 1, 'runner_ident': 'e5be2fbd-e31e-4859-835b-be5f7b9def21', 'created': '2023-03-28T20:52:04.674462'}
2023-03-28T20:52:04.686483+00:00 CRITICAL 'ansible_navigator.actions.run_playbook._handle_message' Unhandled message from runner queue, discarded: {'event': 'verbose', 'uuid': '9d0323fa-544c-4942-ba70-5ac03c8d598f', 'counter': 2, 'stdout': "\x1b[1;35mthe implicit localhost does not match 'all'\x1b[0m", 'start_line': 1, 'end_line': 2, 'runner_ident': 'e5be2fbd-e31e-4859-835b-be5f7b9def21', 'created': '2023-03-28T20:52:04.674611'}
2023-03-28T20:52:05.944819+00:00 CRITICAL 'ansible_navigator.actions.run_playbook._handle_message' Unhandled message from runner queue, discarded: {'event': 'verbose', 'uuid': '494a81ad-9ace-4dcc-9700-348c2e090505', 'counter': 7, 'stdout': '\x1b[1;35m[WARNING]: The field password of user 2 has encrypted data and may inaccurately\x1b[0m', 'start_line': 6, 'end_line': 7, 'runner_ident': 'e5be2fbd-e31e-4859-835b-be5f7b9def21', 'created': '2023-03-28T20:52:05.937611'}
2023-03-28T20:52:05.944923+00:00 CRITICAL 'ansible_navigator.actions.run_playbook._handle_message' Unhandled message from runner queue, discarded: {'event': 'verbose', 'uuid': '85bedf80-1420-4667-a519-6c164a6181fa', 'counter': 8, 'stdout': '\x1b[1;35mreport task is changed.\x1b[0m', 'start_line': 7, 'end_line': 8, 'runner_ident': 'e5be2fbd-e31e-4859-835b-be5f7b9def21', 'created': '2023-03-28T20:52:05.937611'}
2023-03-28T20:53:29.283463+00:00 ERROR 'ansible_navigator.actions.collections._parse' Unable to extract collection json from stdout
2023-03-28T20:53:32.264977+00:00 ERROR 'ansible_navigator.actions.collections._parse' Unable to extract collection json from stdout
2023-03-28T20:53:42.621509+00:00 CRITICAL 'ansible_navigator.actions.run_playbook._handle_message' Unhandled message from runner queue, discarded: {'event': 'verbose', 'uuid': '6bc72916-276c-46c7-9df1-37f6a9676d6d', 'counter': 1, 'stdout': 'Error: relabeling content in /usr is not allowed', 'start_line': 0, 'end_line': 1, 'runner_ident': 'bddacefa-99fb-43c0-a884-f9d4a128d6dc', 'created': '2023-03-28T20:53:42.617454'}
2023-03-28T20:54:36.327954+00:00 CRITICAL 'ansible_navigator.actions.run_playbook._handle_message' Unhandled message from runner queue, discarded: {'event': 'verbose', 'uuid': '18eab221-0003-4dce-8e77-b8ac738d7043', 'counter': 1, 'stdout': 'Error: relabeling content in /usr is not allowed', 'start_line': 0, 'end_line': 1, 'runner_ident': '31659584-a027-4864-ada2-bfef9e61e4d6', 'created': '2023-03-28T20:54:36.325230'}
2023-03-28T20:54:42.214811+00:00 CRITICAL 'ansible_navigator.actions.run_playbook._handle_message' Unhandled message from runner queue, discarded: {'event': 'verbose', 'uuid': '29e6c072-2a3f-4d59-ac8c-62efdce56735', 'counter': 1, 'stdout': '\x1b[1;35m[WARNING]: provided hosts list is empty, only localhost is available. Note that\x1b[0m', 'start_line': 0, 'end_line': 1, 'runner_ident': '3316d808-d460-4e5d-a26b-2bd7cebb87b5', 'created': '2023-03-28T20:54:42.207229'}
2023-03-28T20:54:42.215215+00:00 CRITICAL 'ansible_navigator.actions.run_playbook._handle_message' Unhandled message from runner queue, discarded: {'event': 'verbose', 'uuid': '7854333a-abb0-4f6b-b858-ee16854f3249', 'counter': 2, 'stdout': "\x1b[1;35mthe implicit localhost does not match 'all'\x1b[0m", 'start_line': 1, 'end_line': 2, 'runner_ident': '3316d808-d460-4e5d-a26b-2bd7cebb87b5', 'created': '2023-03-28T20:54:42.207430'}
2023-03-28T20:54:43.558938+00:00 CRITICAL 'ansible_navigator.actions.run_playbook._handle_message' Unhandled message from runner queue, discarded: {'event': 'verbose', 'uuid': '55f521ab-25d0-4f01-ad8c-7a8b6cb34a77', 'counter': 7, 'stdout': '\x1b[1;35m[WARNING]: The field password of user 2 has encrypted data and may inaccurately\x1b[0m', 'start_line': 6, 'end_line': 7, 'runner_ident': '3316d808-d460-4e5d-a26b-2bd7cebb87b5', 'created': '2023-03-28T20:54:43.548867'}
2023-03-28T20:54:43.559138+00:00 CRITICAL 'ansible_navigator.actions.run_playbook._handle_message' Unhandled message from runner queue, discarded: {'event': 'verbose', 'uuid': '0839ded5-c2f1-47a9-979f-60f18a41205d', 'counter': 8, 'stdout': '\x1b[1;35mreport task is changed.\x1b[0m', 'start_line': 7, 'end_line': 8, 'runner_ident': '3316d808-d460-4e5d-a26b-2bd7cebb87b5', 'created': '2023-03-28T20:54:43.548867'}
2023-03-28T20:55:05.536549+00:00 CRITICAL 'ansible_navigator.actions.run_playbook._handle_message' Unhandled message from runner queue, discarded: {'event': 'verbose', 'uuid': '543cb99c-3963-4494-af73-e427965466bb', 'counter': 1, 'stdout': '\x1b[1;35m[WARNING]: provided hosts list is empty, only localhost is available. Note that\x1b[0m', 'start_line': 0, 'end_line': 1, 'runner_ident': '76dc7407-da39-476e-bc93-455c08f6db9c', 'created': '2023-03-28T20:55:05.531547'}
2023-03-28T20:55:05.537035+00:00 CRITICAL 'ansible_navigator.actions.run_playbook._handle_message' Unhandled message from runner queue, discarded: {'event': 'verbose', 'uuid': '17a39d4e-77a6-4373-bfd2-7463120c67c7', 'counter': 2, 'stdout': "\x1b[1;35mthe implicit localhost does not match 'all'\x1b[0m", 'start_line': 1, 'end_line': 2, 'runner_ident': '76dc7407-da39-476e-bc93-455c08f6db9c', 'created': '2023-03-28T20:55:05.531708'}
2023-03-28T20:55:06.869350+00:00 CRITICAL 'ansible_navigator.actions.run_playbook._handle_message' Unhandled message from runner queue, discarded: {'event': 'verbose', 'uuid': '56060fc6-259b-4514-9a4b-f0a2235a654c', 'counter': 7, 'stdout': '\x1b[1;35m[WARNING]: The field password of user 2 has encrypted data and may inaccurately\x1b[0m', 'start_line': 6, 'end_line': 7, 'runner_ident': '76dc7407-da39-476e-bc93-455c08f6db9c', 'created': '2023-03-28T20:55:06.867213'}
2023-03-28T20:55:06.869448+00:00 CRITICAL 'ansible_navigator.actions.run_playbook._handle_message' Unhandled message from runner queue, discarded: {'event': 'verbose', 'uuid': 'e25d5e9f-9dbb-4b13-98f6-64eb97edccc4', 'counter': 8, 'stdout': '\x1b[1;35mreport task is changed.\x1b[0m', 'start_line': 7, 'end_line': 8, 'runner_ident': '76dc7407-da39-476e-bc93-455c08f6db9c', 'created': '2023-03-28T20:55:06.867213'}
2023-03-28T20:56:12.985352+00:00 CRITICAL 'ansible_navigator.actions.run_playbook._handle_message' Unhandled message from runner queue, discarded: {'event': 'verbose', 'uuid': '0efa1bd0-6fc2-4cd3-849f-d16112958b65', 'counter': 1, 'stdout': '\x1b[1;35m[WARNING]: provided hosts list is empty, only localhost is available. Note that\x1b[0m', 'start_line': 0, 'end_line': 1, 'runner_ident': 'bc0ad7b9-f5a4-42ab-9a8e-c3768de7ae5a', 'created': '2023-03-28T20:56:12.977454'}
2023-03-28T20:56:12.985769+00:00 CRITICAL 'ansible_navigator.actions.run_playbook._handle_message' Unhandled message from runner queue, discarded: {'event': 'verbose', 'uuid': '147e23a6-ac35-4a0a-a5a2-edfa9b600ae9', 'counter': 2, 'stdout': "\x1b[1;35mthe implicit localhost does not match 'all'\x1b[0m", 'start_line': 1, 'end_line': 2, 'runner_ident': 'bc0ad7b9-f5a4-42ab-9a8e-c3768de7ae5a', 'created': '2023-03-28T20:56:12.977658'}
2023-03-28T20:56:14.238330+00:00 CRITICAL 'ansible_navigator.actions.run_playbook._handle_message' Unhandled message from runner queue, discarded: {'event': 'verbose', 'uuid': '3a867741-c169-47d3-a688-9b46ec5c000a', 'counter': 7, 'stdout': '\x1b[1;35m[WARNING]: The field password of user 2 has encrypted data and may inaccurately\x1b[0m', 'start_line': 6, 'end_line': 7, 'runner_ident': 'bc0ad7b9-f5a4-42ab-9a8e-c3768de7ae5a', 'created': '2023-03-28T20:56:14.237091'}
2023-03-28T20:56:14.238452+00:00 CRITICAL 'ansible_navigator.actions.run_playbook._handle_message' Unhandled message from runner queue, discarded: {'event': 'verbose', 'uuid': '29d3b157-16fc-4b11-bef2-14203e424dbc', 'counter': 8, 'stdout': '\x1b[1;35mreport task is changed.\x1b[0m', 'start_line': 7, 'end_line': 8, 'runner_ident': 'bc0ad7b9-f5a4-42ab-9a8e-c3768de7ae5a', 'created': '2023-03-28T20:56:14.237091'}
2023-03-29T14:11:08.044270+00:00 ERROR 'ansible_navigator.image_manager.puller._log_message' Execution environment pull failed
2023-03-29T14:11:16.355572+00:00 CRITICAL 'ansible_navigator.actions.run_playbook._handle_message' Unhandled message from runner queue, discarded: {'event': 'verbose', 'uuid': '59fdb31f-1f24-4c42-9ef3-8f52a85cb5e8', 'counter': 1, 'stdout': 'Error: relabeling content in /usr is not allowed', 'start_line': 0, 'end_line': 1, 'runner_ident': '89143ada-e46c-413a-9c49-221fae02ac1f', 'created': '2023-03-29T14:11:16.353133'}
2023-03-29T14:11:43.567430+00:00 CRITICAL 'ansible_navigator.actions.run_playbook._handle_message' Unhandled message from runner queue, discarded: {'event': 'verbose', 'uuid': '6249f5ff-1e64-40c4-8679-b254a304a301', 'counter': 1, 'stdout': '\x1b[1;35m[WARNING]: provided hosts list is empty, only localhost is available. Note that\x1b[0m', 'start_line': 0, 'end_line': 1, 'runner_ident': '5ad5faf3-ead9-4d68-95d9-9af30a896251', 'created': '2023-03-29T14:11:43.561474'}
2023-03-29T14:11:43.567909+00:00 CRITICAL 'ansible_navigator.actions.run_playbook._handle_message' Unhandled message from runner queue, discarded: {'event': 'verbose', 'uuid': '1673dd03-262c-4bf4-b6f6-1240b22cd467', 'counter': 2, 'stdout': "\x1b[1;35mthe implicit localhost does not match 'all'\x1b[0m", 'start_line': 1, 'end_line': 2, 'runner_ident': '5ad5faf3-ead9-4d68-95d9-9af30a896251', 'created': '2023-03-29T14:11:43.561701'}
2023-03-29T14:12:04.827987+00:00 WARNING 'ansible_navigator.run' Dirty exit, killing the pid
2023-03-29T14:12:08.900947+00:00 CRITICAL 'ansible_navigator.actions.run_playbook._handle_message' Unhandled message from runner queue, discarded: {'event': 'verbose', 'uuid': 'd7354b61-e081-496e-ba50-8050d21256a3', 'counter': 1, 'stdout': '\x1b[1;35m[WARNING]: provided hosts list is empty, only localhost is available. Note that\x1b[0m', 'start_line': 0, 'end_line': 1, 'runner_ident': '5ff1aca5-cb7f-43e0-821e-cf19f47a052d', 'created': '2023-03-29T14:12:08.897158'}
2023-03-29T14:12:08.901428+00:00 CRITICAL 'ansible_navigator.actions.run_playbook._handle_message' Unhandled message from runner queue, discarded: {'event': 'verbose', 'uuid': 'b7dc4c36-73e6-43e9-bfff-0301d8d8c816', 'counter': 2, 'stdout': "\x1b[1;35mthe implicit localhost does not match 'all'\x1b[0m", 'start_line': 1, 'end_line': 2, 'runner_ident': '5ff1aca5-cb7f-43e0-821e-cf19f47a052d', 'created': '2023-03-29T14:12:08.897370'}
2023-03-29T14:12:15.276312+00:00 CRITICAL 'ansible_navigator.actions.run_playbook._handle_message' Unhandled message from runner queue, discarded: {'event': 'verbose', 'uuid': '40250ff8-1836-4ce5-a66d-3247ce648a63', 'counter': 10, 'stdout': '\x1b[1;35m[WARNING]: The field password of user 2 has encrypted data and may inaccurately\x1b[0m', 'start_line': 9, 'end_line': 10, 'runner_ident': '5ff1aca5-cb7f-43e0-821e-cf19f47a052d', 'created': '2023-03-29T14:12:15.269503'}
2023-03-29T14:12:15.276441+00:00 CRITICAL 'ansible_navigator.actions.run_playbook._handle_message' Unhandled message from runner queue, discarded: {'event': 'verbose', 'uuid': 'ac118107-a66b-46c2-aec6-a6fd0b3e013a', 'counter': 11, 'stdout': '\x1b[1;35mreport task is changed.\x1b[0m', 'start_line': 10, 'end_line': 11, 'runner_ident': '5ff1aca5-cb7f-43e0-821e-cf19f47a052d', 'created': '2023-03-29T14:12:15.269503'}
2023-03-29T14:12:18.656245+00:00 WARNING 'ansible_navigator.run' Dirty exit, killing the pid
2023-03-29T14:13:10.773994+00:00 CRITICAL 'ansible_navigator.actions.run_playbook._handle_message' Unhandled message from runner queue, discarded: {'event': 'verbose', 'uuid': '2d418190-1420-46c2-b110-709ac480fa37', 'counter': 1, 'stdout': '\x1b[1;35m[WARNING]: provided hosts list is empty, only localhost is available. Note that\x1b[0m', 'start_line': 0, 'end_line': 1, 'runner_ident': 'b2cec249-cf80-4864-9f95-721d6a78ae83', 'created': '2023-03-29T14:13:10.769835'}
2023-03-29T14:13:10.774499+00:00 CRITICAL 'ansible_navigator.actions.run_playbook._handle_message' Unhandled message from runner queue, discarded: {'event': 'verbose', 'uuid': '63bbfd0d-dfda-450d-9770-20b70422aa92', 'counter': 2, 'stdout': "\x1b[1;35mthe implicit localhost does not match 'all'\x1b[0m", 'start_line': 1, 'end_line': 2, 'runner_ident': 'b2cec249-cf80-4864-9f95-721d6a78ae83', 'created': '2023-03-29T14:13:10.770067'}
2023-03-29T14:13:17.045552+00:00 CRITICAL 'ansible_navigator.actions.run_playbook._handle_message' Unhandled message from runner queue, discarded: {'event': 'verbose', 'uuid': '6ee49d8a-c103-4042-9aa8-e8c53fa90908', 'counter': 10, 'stdout': '\x1b[1;35m[WARNING]: The field password of user 2 has encrypted data and may inaccurately\x1b[0m', 'start_line': 9, 'end_line': 10, 'runner_ident': 'b2cec249-cf80-4864-9f95-721d6a78ae83', 'created': '2023-03-29T14:13:17.040196'}
2023-03-29T14:13:17.045681+00:00 CRITICAL 'ansible_navigator.actions.run_playbook._handle_message' Unhandled message from runner queue, discarded: {'event': 'verbose', 'uuid': '3d886355-7f04-426e-9cca-f53388cbfdee', 'counter': 11, 'stdout': '\x1b[1;35mreport task is changed.\x1b[0m', 'start_line': 10, 'end_line': 11, 'runner_ident': 'b2cec249-cf80-4864-9f95-721d6a78ae83', 'created': '2023-03-29T14:13:17.040196'}
2023-03-29T14:13:17.103855+00:00 WARNING 'ansible_navigator.run' Dirty exit, killing the pid
2023-03-29T14:18:40.052086+00:00 CRITICAL 'ansible_navigator.actions.run_playbook._handle_message' Unhandled message from runner queue, discarded: {'event': 'verbose', 'uuid': '856f388e-af76-4ecf-a885-ebf13f7bbbd8', 'counter': 1, 'stdout': '\x1b[1;35m[WARNING]: provided hosts list is empty, only localhost is available. Note that\x1b[0m', 'start_line': 0, 'end_line': 1, 'runner_ident': '9024a534-ae30-482d-b590-99c142d8c6ff', 'created': '2023-03-29T14:18:40.043503'}
2023-03-29T14:18:40.052515+00:00 CRITICAL 'ansible_navigator.actions.run_playbook._handle_message' Unhandled message from runner queue, discarded: {'event': 'verbose', 'uuid': '2492f52b-7a86-4f17-9973-0cb0349dfb0b', 'counter': 2, 'stdout': "\x1b[1;35mthe implicit localhost does not match 'all'\x1b[0m", 'start_line': 1, 'end_line': 2, 'runner_ident': '9024a534-ae30-482d-b590-99c142d8c6ff', 'created': '2023-03-29T14:18:40.043729'}
2023-03-29T14:18:46.687319+00:00 CRITICAL 'ansible_navigator.actions.run_playbook._handle_message' Unhandled message from runner queue, discarded: {'event': 'verbose', 'uuid': '67adb856-3ce6-4e50-846a-70062a1b95a9', 'counter': 10, 'stdout': '\x1b[1;35m[WARNING]: The field password of user 2 has encrypted data and may inaccurately\x1b[0m', 'start_line': 9, 'end_line': 10, 'runner_ident': '9024a534-ae30-482d-b590-99c142d8c6ff', 'created': '2023-03-29T14:18:46.683941'}
2023-03-29T14:18:46.687422+00:00 CRITICAL 'ansible_navigator.actions.run_playbook._handle_message' Unhandled message from runner queue, discarded: {'event': 'verbose', 'uuid': '2a0a8daf-9d84-40fe-bdd0-c41e1e356994', 'counter': 11, 'stdout': '\x1b[1;35mreport task is changed.\x1b[0m', 'start_line': 10, 'end_line': 11, 'runner_ident': '9024a534-ae30-482d-b590-99c142d8c6ff', 'created': '2023-03-29T14:18:46.683941'}
2023-03-29T14:18:47.252119+00:00 WARNING 'ansible_navigator.run' Dirty exit, killing the pid
2023-03-29T14:19:57.823685+00:00 CRITICAL 'ansible_navigator.actions.run_playbook._handle_message' Unhandled message from runner queue, discarded: {'event': 'verbose', 'uuid': '240572c3-702c-4815-8d0d-ca1114e6897c', 'counter': 1, 'stdout': '\x1b[1;35m[WARNING]: provided hosts list is empty, only localhost is available. Note that\x1b[0m', 'start_line': 0, 'end_line': 1, 'runner_ident': '6ac0a08a-681d-4709-bf02-a765159e1a87', 'created': '2023-03-29T14:19:57.823153'}
2023-03-29T14:19:57.824180+00:00 CRITICAL 'ansible_navigator.actions.run_playbook._handle_message' Unhandled message from runner queue, discarded: {'event': 'verbose', 'uuid': 'babe65a9-b67e-4efd-97c2-0fd4bcffc541', 'counter': 2, 'stdout': "\x1b[1;35mthe implicit localhost does not match 'all'\x1b[0m", 'start_line': 1, 'end_line': 2, 'runner_ident': '6ac0a08a-681d-4709-bf02-a765159e1a87', 'created': '2023-03-29T14:19:57.823448'}
2023-03-29T14:20:45.391081+00:00 CRITICAL 'ansible_navigator.actions.run_playbook._handle_message' Unhandled message from runner queue, discarded: {'event': 'verbose', 'uuid': '32f97314-e712-4a43-b66f-0a6c1568f333', 'counter': 1, 'stdout': '\x1b[1;35m[WARNING]: provided hosts list is empty, only localhost is available. Note that\x1b[0m', 'start_line': 0, 'end_line': 1, 'runner_ident': '63322966-8011-4107-886d-87496bad3204', 'created': '2023-03-29T14:20:45.384164'}
2023-03-29T14:20:45.391497+00:00 CRITICAL 'ansible_navigator.actions.run_playbook._handle_message' Unhandled message from runner queue, discarded: {'event': 'verbose', 'uuid': '38d544a7-2d7c-462f-95e2-84642b4b1db2', 'counter': 2, 'stdout': "\x1b[1;35mthe implicit localhost does not match 'all'\x1b[0m", 'start_line': 1, 'end_line': 2, 'runner_ident': '63322966-8011-4107-886d-87496bad3204', 'created': '2023-03-29T14:20:45.384421'}
2023-03-29T14:20:51.933929+00:00 CRITICAL 'ansible_navigator.actions.run_playbook._handle_message' Unhandled message from runner queue, discarded: {'event': 'verbose', 'uuid': '124be267-e33b-40b6-b722-ae14abeadb72', 'counter': 10, 'stdout': '\x1b[1;35m[WARNING]: The field password of user 2 has encrypted data and may inaccurately\x1b[0m', 'start_line': 9, 'end_line': 10, 'runner_ident': '63322966-8011-4107-886d-87496bad3204', 'created': '2023-03-29T14:20:51.931081'}
2023-03-29T14:20:51.934288+00:00 CRITICAL 'ansible_navigator.actions.run_playbook._handle_message' Unhandled message from runner queue, discarded: {'event': 'verbose', 'uuid': '28a3d320-c576-44c3-b864-f761ab4c89eb', 'counter': 11, 'stdout': '\x1b[1;35mreport task is changed.\x1b[0m', 'start_line': 10, 'end_line': 11, 'runner_ident': '63322966-8011-4107-886d-87496bad3204', 'created': '2023-03-29T14:20:51.931081'}
2023-03-29T14:20:52.218552+00:00 WARNING 'ansible_navigator.run' Dirty exit, killing the pid
2023-03-29T15:11:39.566679+00:00 CRITICAL 'ansible_navigator.actions.run_playbook._handle_message' Unhandled message from runner queue, discarded: {'event': 'verbose', 'uuid': '362ef380-f8ce-450b-80f4-7d5bc1d08808', 'counter': 1, 'stdout': '\x1b[1;35m[WARNING]: provided hosts list is empty, only localhost is available. Note that\x1b[0m', 'start_line': 0, 'end_line': 1, 'runner_ident': 'fe2e01fb-5678-470a-82a5-c15ff10f21e9', 'created': '2023-03-29T15:11:39.566057'}
2023-03-29T15:11:39.567139+00:00 CRITICAL 'ansible_navigator.actions.run_playbook._handle_message' Unhandled message from runner queue, discarded: {'event': 'verbose', 'uuid': '849f1aaf-2144-43d7-a596-f7eb00e2bc3b', 'counter': 2, 'stdout': "\x1b[1;35mthe implicit localhost does not match 'all'\x1b[0m", 'start_line': 1, 'end_line': 2, 'runner_ident': 'fe2e01fb-5678-470a-82a5-c15ff10f21e9', 'created': '2023-03-29T15:11:39.566290'}
2023-03-29T15:11:45.896290+00:00 WARNING 'ansible_navigator.run' Dirty exit, killing the pid
2023-03-30T08:59:00.225806+00:00 CRITICAL 'ansible_navigator.actions.run_playbook._handle_message' Unhandled message from runner queue, discarded: {'event': 'verbose', 'uuid': '4f775fa9-99f5-43cd-82d2-1f7bd4d6222a', 'counter': 1, 'stdout': '\x1b[1;35m[WARNING]: provided hosts list is empty, only localhost is available. Note that\x1b[0m', 'start_line': 0, 'end_line': 1, 'runner_ident': 'd7dcd7f6-be1f-4366-965a-754f89cebfa0', 'created': '2023-03-30T08:59:00.215678'}
2023-03-30T08:59:00.227301+00:00 CRITICAL 'ansible_navigator.actions.run_playbook._handle_message' Unhandled message from runner queue, discarded: {'event': 'verbose', 'uuid': 'bfb6dd68-eea4-4019-8eef-bd98f89d854b', 'counter': 2, 'stdout': "\x1b[1;35mthe implicit localhost does not match 'all'\x1b[0m", 'start_line': 1, 'end_line': 2, 'runner_ident': 'd7dcd7f6-be1f-4366-965a-754f89cebfa0', 'created': '2023-03-30T08:59:00.215988'}
2023-03-30T08:59:01.979879+00:00 CRITICAL 'ansible_navigator.actions.run_playbook._handle_message' Unhandled message from runner queue, discarded: {'event': 'verbose', 'uuid': 'fb127a5d-a62e-4d2b-a385-831ed910d8cd', 'counter': 7, 'stdout': '\x1b[1;35m[WARNING]: The field password of user 2 has encrypted data and may inaccurately\x1b[0m', 'start_line': 6, 'end_line': 7, 'runner_ident': 'd7dcd7f6-be1f-4366-965a-754f89cebfa0', 'created': '2023-03-30T08:59:01.974409'}
2023-03-30T08:59:01.979999+00:00 CRITICAL 'ansible_navigator.actions.run_playbook._handle_message' Unhandled message from runner queue, discarded: {'event': 'verbose', 'uuid': 'c0ae9acb-7b97-40b8-925f-849522302566', 'counter': 8, 'stdout': '\x1b[1;35mreport task is changed.\x1b[0m', 'start_line': 7, 'end_line': 8, 'runner_ident': 'd7dcd7f6-be1f-4366-965a-754f89cebfa0', 'created': '2023-03-30T08:59:01.974507'}
2023-03-30T08:59:23.638001+00:00 CRITICAL 'ansible_navigator.actions.run_playbook._handle_message' Unhandled message from runner queue, discarded: {'event': 'verbose', 'uuid': 'e33f6142-14d4-4487-91ea-b32fce9b4ea4', 'counter': 1, 'stdout': '\x1b[1;35m[WARNING]: provided hosts list is empty, only localhost is available. Note that\x1b[0m', 'start_line': 0, 'end_line': 1, 'runner_ident': 'cda04d31-cdb3-4423-a908-b1fd2e53a983', 'created': '2023-03-30T08:59:23.632367'}
2023-03-30T08:59:23.638507+00:00 CRITICAL 'ansible_navigator.actions.run_playbook._handle_message' Unhandled message from runner queue, discarded: {'event': 'verbose', 'uuid': '4f1c7cea-e9a9-43ea-8ae8-2237a7259287', 'counter': 2, 'stdout': "\x1b[1;35mthe implicit localhost does not match 'all'\x1b[0m", 'start_line': 1, 'end_line': 2, 'runner_ident': 'cda04d31-cdb3-4423-a908-b1fd2e53a983', 'created': '2023-03-30T08:59:23.632597'}
2023-03-30T09:00:06.314455+00:00 CRITICAL 'ansible_navigator.actions.run_playbook._handle_message' Unhandled message from runner queue, discarded: {'event': 'verbose', 'uuid': '4b10d4bd-9df4-4bc7-b8f6-2c7d9765a099', 'counter': 1, 'stdout': '\x1b[1;35m[WARNING]: provided hosts list is empty, only localhost is available. Note that\x1b[0m', 'start_line': 0, 'end_line': 1, 'runner_ident': '06caa412-8852-4527-a1a2-6e878034ea5c', 'created': '2023-03-30T09:00:06.305920'}
2023-03-30T09:00:06.314979+00:00 CRITICAL 'ansible_navigator.actions.run_playbook._handle_message' Unhandled message from runner queue, discarded: {'event': 'verbose', 'uuid': '033617ae-c3af-4356-b768-f97975fa0e49', 'counter': 2, 'stdout': "\x1b[1;35mthe implicit localhost does not match 'all'\x1b[0m", 'start_line': 1, 'end_line': 2, 'runner_ident': '06caa412-8852-4527-a1a2-6e878034ea5c', 'created': '2023-03-30T09:00:06.306093'}
2023-03-30T09:11:39.955529+00:00 ERROR 'ansible_navigator.actions.collections._parse' /usr/share/ansible/collections/ansible_collections/ansible/network/roles/resource_manager/meta/argument_specs.yml Failed to find argument_specs.yml for role in ansible.network.
2023-03-30T09:11:39.956029+00:00 ERROR 'ansible_navigator.actions.collections._parse' /usr/share/ansible/collections/ansible_collections/ansible/network/roles/resource_manager/meta/main.yml Failed to find main.yml for role in ansible.network.
2023-03-30T09:11:39.956073+00:00 ERROR 'ansible_navigator.actions.collections._parse' /usr/share/ansible/collections/ansible_collections/redhat/insights/roles/compliance/meta/argument_specs.yml Failed to find argument_specs.yml for role in redhat.insights.
2023-03-30T09:11:39.956102+00:00 ERROR 'ansible_navigator.actions.collections._parse' /usr/share/ansible/collections/ansible_collections/redhat/insights/roles/insights_client/meta/argument_specs.yml Failed to find argument_specs.yml for role in redhat.insights.
2023-03-30T09:11:39.956123+00:00 ERROR 'ansible_navigator.actions.collections._parse' /usr/share/ansible/collections/ansible_collections/redhat/rhv/roles/cluster_upgrade/meta/argument_specs.yml Failed to find argument_specs.yml for role in redhat.rhv.
2023-03-30T09:11:39.956144+00:00 ERROR 'ansible_navigator.actions.collections._parse' /usr/share/ansible/collections/ansible_collections/redhat/rhv/roles/cluster_upgrade/meta/main.yml Failed to find main.yml for role in redhat.rhv.
2023-03-30T09:11:39.956167+00:00 ERROR 'ansible_navigator.actions.collections._parse' /usr/share/ansible/collections/ansible_collections/redhat/rhv/roles/disaster_recovery/meta/argument_specs.yml Failed to find argument_specs.yml for role in redhat.rhv.
2023-03-30T09:11:39.956187+00:00 ERROR 'ansible_navigator.actions.collections._parse' /usr/share/ansible/collections/ansible_collections/redhat/rhv/roles/disaster_recovery/meta/main.yml Failed to find main.yml for role in redhat.rhv.
2023-03-30T09:11:39.956206+00:00 ERROR 'ansible_navigator.actions.collections._parse' /usr/share/ansible/collections/ansible_collections/redhat/rhv/roles/engine_setup/meta/argument_specs.yml Failed to find argument_specs.yml for role in redhat.rhv.
2023-03-30T09:11:39.956227+00:00 ERROR 'ansible_navigator.actions.collections._parse' /usr/share/ansible/collections/ansible_collections/redhat/rhv/roles/engine_setup/meta/main.yml Failed to find main.yml for role in redhat.rhv.
2023-03-30T09:11:39.956246+00:00 ERROR 'ansible_navigator.actions.collections._parse' /usr/share/ansible/collections/ansible_collections/redhat/rhv/roles/hosted_engine_setup/meta/argument_specs.yml Failed to find argument_specs.yml for role in redhat.rhv.
2023-03-30T09:11:39.956265+00:00 ERROR 'ansible_navigator.actions.collections._parse' /usr/share/ansible/collections/ansible_collections/redhat/rhv/roles/hosted_engine_setup/meta/main.yml Failed to find main.yml for role in redhat.rhv.
2023-03-30T09:11:39.956284+00:00 ERROR 'ansible_navigator.actions.collections._parse' /usr/share/ansible/collections/ansible_collections/redhat/rhv/roles/image_template/meta/argument_specs.yml Failed to find argument_specs.yml for role in redhat.rhv.
2023-03-30T09:11:39.956303+00:00 ERROR 'ansible_navigator.actions.collections._parse' /usr/share/ansible/collections/ansible_collections/redhat/rhv/roles/image_template/meta/main.yml Failed to find main.yml for role in redhat.rhv.
2023-03-30T09:11:39.956321+00:00 ERROR 'ansible_navigator.actions.collections._parse' /usr/share/ansible/collections/ansible_collections/redhat/rhv/roles/infra/meta/argument_specs.yml Failed to find argument_specs.yml for role in redhat.rhv.
2023-03-30T09:11:39.956340+00:00 ERROR 'ansible_navigator.actions.collections._parse' /usr/share/ansible/collections/ansible_collections/redhat/rhv/roles/infra/meta/main.yml Failed to find main.yml for role in redhat.rhv.
2023-03-30T09:11:39.956360+00:00 ERROR 'ansible_navigator.actions.collections._parse' /usr/share/ansible/collections/ansible_collections/redhat/rhv/roles/manageiq/meta/argument_specs.yml Failed to find argument_specs.yml for role in redhat.rhv.
2023-03-30T09:11:39.956384+00:00 ERROR 'ansible_navigator.actions.collections._parse' /usr/share/ansible/collections/ansible_collections/redhat/rhv/roles/manageiq/meta/main.yml Failed to find main.yml for role in redhat.rhv.
2023-03-30T09:11:39.956404+00:00 ERROR 'ansible_navigator.actions.collections._parse' /usr/share/ansible/collections/ansible_collections/redhat/rhv/roles/remove_stale_lun/meta/argument_specs.yml Failed to find argument_specs.yml for role in redhat.rhv.
2023-03-30T09:11:39.956422+00:00 ERROR 'ansible_navigator.actions.collections._parse' /usr/share/ansible/collections/ansible_collections/redhat/rhv/roles/remove_stale_lun/meta/main.yml Failed to find main.yml for role in redhat.rhv.
2023-03-30T09:11:39.956441+00:00 ERROR 'ansible_navigator.actions.collections._parse' /usr/share/ansible/collections/ansible_collections/redhat/rhv/roles/repositories/meta/argument_specs.yml Failed to find argument_specs.yml for role in redhat.rhv.
2023-03-30T09:11:39.956460+00:00 ERROR 'ansible_navigator.actions.collections._parse' /usr/share/ansible/collections/ansible_collections/redhat/rhv/roles/repositories/meta/main.yml Failed to find main.yml for role in redhat.rhv.
2023-03-30T09:11:39.956479+00:00 ERROR 'ansible_navigator.actions.collections._parse' /usr/share/ansible/collections/ansible_collections/redhat/rhv/roles/shutdown_env/meta/argument_specs.yml Failed to find argument_specs.yml for role in redhat.rhv.
2023-03-30T09:11:39.956498+00:00 ERROR 'ansible_navigator.actions.collections._parse' /usr/share/ansible/collections/ansible_collections/redhat/rhv/roles/shutdown_env/meta/main.yml Failed to find main.yml for role in redhat.rhv.
2023-03-30T09:11:39.956516+00:00 ERROR 'ansible_navigator.actions.collections._parse' /usr/share/ansible/collections/ansible_collections/redhat/rhv/roles/vm_infra/meta/argument_specs.yml Failed to find argument_specs.yml for role in redhat.rhv.
2023-03-30T09:11:39.956535+00:00 ERROR 'ansible_navigator.actions.collections._parse' /usr/share/ansible/collections/ansible_collections/redhat/rhv/roles/vm_infra/meta/main.yml Failed to find main.yml for role in redhat.rhv.
2023-03-30T09:11:39.956554+00:00 ERROR 'ansible_navigator.actions.collections._parse' /usr/share/ansible/collections/ansible_collections/redhat/satellite/roles/activation_keys/meta/argument_specs.yml Failed to find argument_specs.yml for role in redhat.satellite.
2023-03-30T09:11:39.956573+00:00 ERROR 'ansible_navigator.actions.collections._parse' /usr/share/ansible/collections/ansible_collections/redhat/satellite/roles/activation_keys/meta/main.yml Failed to find main.yml for role in redhat.satellite.
2023-03-30T09:11:39.956591+00:00 ERROR 'ansible_navigator.actions.collections._parse' /usr/share/ansible/collections/ansible_collections/redhat/satellite/roles/auth_sources_ldap/meta/argument_specs.yml Failed to find argument_specs.yml for role in redhat.satellite.
2023-03-30T09:11:39.956610+00:00 ERROR 'ansible_navigator.actions.collections._parse' /usr/share/ansible/collections/ansible_collections/redhat/satellite/roles/auth_sources_ldap/meta/main.yml Failed to find main.yml for role in redhat.satellite.
2023-03-30T09:11:39.956629+00:00 ERROR 'ansible_navigator.actions.collections._parse' /usr/share/ansible/collections/ansible_collections/redhat/satellite/roles/compute_profiles/meta/argument_specs.yml Failed to find argument_specs.yml for role in redhat.satellite.
2023-03-30T09:11:39.956647+00:00 ERROR 'ansible_navigator.actions.collections._parse' /usr/share/ansible/collections/ansible_collections/redhat/satellite/roles/compute_profiles/meta/main.yml Failed to find main.yml for role in redhat.satellite.
2023-03-30T09:11:39.956666+00:00 ERROR 'ansible_navigator.actions.collections._parse' /usr/share/ansible/collections/ansible_collections/redhat/satellite/roles/compute_resources/meta/argument_specs.yml Failed to find argument_specs.yml for role in redhat.satellite.
2023-03-30T09:11:39.956686+00:00 ERROR 'ansible_navigator.actions.collections._parse' /usr/share/ansible/collections/ansible_collections/redhat/satellite/roles/compute_resources/meta/main.yml Failed to find main.yml for role in redhat.satellite.
2023-03-30T09:11:39.956748+00:00 ERROR 'ansible_navigator.actions.collections._parse' /usr/share/ansible/collections/ansible_collections/redhat/satellite/roles/content_credentials/meta/argument_specs.yml Failed to find argument_specs.yml for role in redhat.satellite.
2023-03-30T09:11:39.956778+00:00 ERROR 'ansible_navigator.actions.collections._parse' /usr/share/ansible/collections/ansible_collections/redhat/satellite/roles/content_credentials/meta/main.yml Failed to find main.yml for role in redhat.satellite.
2023-03-30T09:11:39.956796+00:00 ERROR 'ansible_navigator.actions.collections._parse' /usr/share/ansible/collections/ansible_collections/redhat/satellite/roles/content_rhel/meta/argument_specs.yml Failed to find argument_specs.yml for role in redhat.satellite.
2023-03-30T09:11:39.956814+00:00 ERROR 'ansible_navigator.actions.collections._parse' /usr/share/ansible/collections/ansible_collections/redhat/satellite/roles/content_rhel/meta/main.yml Failed to find main.yml for role in redhat.satellite.
2023-03-30T09:11:39.956831+00:00 ERROR 'ansible_navigator.actions.collections._parse' /usr/share/ansible/collections/ansible_collections/redhat/satellite/roles/content_view_publish/meta/argument_specs.yml Failed to find argument_specs.yml for role in redhat.satellite.
2023-03-30T09:11:39.956849+00:00 ERROR 'ansible_navigator.actions.collections._parse' /usr/share/ansible/collections/ansible_collections/redhat/satellite/roles/content_view_publish/meta/main.yml Failed to find main.yml for role in redhat.satellite.
2023-03-30T09:11:39.956866+00:00 ERROR 'ansible_navigator.actions.collections._parse' /usr/share/ansible/collections/ansible_collections/redhat/satellite/roles/content_view_version_cleanup/meta/argument_specs.yml Failed to find argument_specs.yml for role in redhat.satellite.
2023-03-30T09:11:39.956883+00:00 ERROR 'ansible_navigator.actions.collections._parse' /usr/share/ansible/collections/ansible_collections/redhat/satellite/roles/content_view_version_cleanup/meta/main.yml Failed to find main.yml for role in redhat.satellite.
2023-03-30T09:11:39.956900+00:00 ERROR 'ansible_navigator.actions.collections._parse' /usr/share/ansible/collections/ansible_collections/redhat/satellite/roles/content_views/meta/argument_specs.yml Failed to find argument_specs.yml for role in redhat.satellite.
2023-03-30T09:11:39.956933+00:00 ERROR 'ansible_navigator.actions.collections._parse' /usr/share/ansible/collections/ansible_collections/redhat/satellite/roles/content_views/meta/main.yml Failed to find main.yml for role in redhat.satellite.
2023-03-30T09:11:39.956959+00:00 ERROR 'ansible_navigator.actions.collections._parse' /usr/share/ansible/collections/ansible_collections/redhat/satellite/roles/convert2rhel/meta/argument_specs.yml Failed to find argument_specs.yml for role in redhat.satellite.
2023-03-30T09:11:39.956979+00:00 ERROR 'ansible_navigator.actions.collections._parse' /usr/share/ansible/collections/ansible_collections/redhat/satellite/roles/convert2rhel/meta/main.yml Failed to find main.yml for role in redhat.satellite.
2023-03-30T09:11:39.956997+00:00 ERROR 'ansible_navigator.actions.collections._parse' /usr/share/ansible/collections/ansible_collections/redhat/satellite/roles/domains/meta/argument_specs.yml Failed to find argument_specs.yml for role in redhat.satellite.
2023-03-30T09:11:39.957015+00:00 ERROR 'ansible_navigator.actions.collections._parse' /usr/share/ansible/collections/ansible_collections/redhat/satellite/roles/domains/meta/main.yml Failed to find main.yml for role in redhat.satellite.
2023-03-30T09:11:39.957032+00:00 ERROR 'ansible_navigator.actions.collections._parse' /usr/share/ansible/collections/ansible_collections/redhat/satellite/roles/hostgroups/meta/argument_specs.yml Failed to find argument_specs.yml for role in redhat.satellite.
2023-03-30T09:11:39.957049+00:00 ERROR 'ansible_navigator.actions.collections._parse' /usr/share/ansible/collections/ansible_collections/redhat/satellite/roles/hostgroups/meta/main.yml Failed to find main.yml for role in redhat.satellite.
2023-03-30T09:11:39.957068+00:00 ERROR 'ansible_navigator.actions.collections._parse' /usr/share/ansible/collections/ansible_collections/redhat/satellite/roles/lifecycle_environments/meta/argument_specs.yml Failed to find argument_specs.yml for role in redhat.satellite.
2023-03-30T09:11:39.957090+00:00 ERROR 'ansible_navigator.actions.collections._parse' /usr/share/ansible/collections/ansible_collections/redhat/satellite/roles/lifecycle_environments/meta/main.yml Failed to find main.yml for role in redhat.satellite.
2023-03-30T09:11:39.957108+00:00 ERROR 'ansible_navigator.actions.collections._parse' /usr/share/ansible/collections/ansible_collections/redhat/satellite/roles/manifest/meta/argument_specs.yml Failed to find argument_specs.yml for role in redhat.satellite.
2023-03-30T09:11:39.957125+00:00 ERROR 'ansible_navigator.actions.collections._parse' /usr/share/ansible/collections/ansible_collections/redhat/satellite/roles/manifest/meta/main.yml Failed to find main.yml for role in redhat.satellite.
2023-03-30T09:11:39.957151+00:00 ERROR 'ansible_navigator.actions.collections._parse' /usr/share/ansible/collections/ansible_collections/redhat/satellite/roles/operatingsystems/meta/argument_specs.yml Failed to find argument_specs.yml for role in redhat.satellite.
2023-03-30T09:11:39.957168+00:00 ERROR 'ansible_navigator.actions.collections._parse' /usr/share/ansible/collections/ansible_collections/redhat/satellite/roles/operatingsystems/meta/main.yml Failed to find main.yml for role in redhat.satellite.
2023-03-30T09:11:39.957184+00:00 ERROR 'ansible_navigator.actions.collections._parse' /usr/share/ansible/collections/ansible_collections/redhat/satellite/roles/organizations/meta/argument_specs.yml Failed to find argument_specs.yml for role in redhat.satellite.
2023-03-30T09:11:39.957201+00:00 ERROR 'ansible_navigator.actions.collections._parse' /usr/share/ansible/collections/ansible_collections/redhat/satellite/roles/organizations/meta/main.yml Failed to find main.yml for role in redhat.satellite.
2023-03-30T09:11:39.957217+00:00 ERROR 'ansible_navigator.actions.collections._parse' /usr/share/ansible/collections/ansible_collections/redhat/satellite/roles/provisioning_templates/meta/argument_specs.yml Failed to find argument_specs.yml for role in redhat.satellite.
2023-03-30T09:11:39.957234+00:00 ERROR 'ansible_navigator.actions.collections._parse' /usr/share/ansible/collections/ansible_collections/redhat/satellite/roles/provisioning_templates/meta/main.yml Failed to find main.yml for role in redhat.satellite.
2023-03-30T09:11:39.957251+00:00 ERROR 'ansible_navigator.actions.collections._parse' /usr/share/ansible/collections/ansible_collections/redhat/satellite/roles/repositories/meta/argument_specs.yml Failed to find argument_specs.yml for role in redhat.satellite.
2023-03-30T09:11:39.957267+00:00 ERROR 'ansible_navigator.actions.collections._parse' /usr/share/ansible/collections/ansible_collections/redhat/satellite/roles/repositories/meta/main.yml Failed to find main.yml for role in redhat.satellite.
2023-03-30T09:11:39.957284+00:00 ERROR 'ansible_navigator.actions.collections._parse' /usr/share/ansible/collections/ansible_collections/redhat/satellite/roles/settings/meta/argument_specs.yml Failed to find argument_specs.yml for role in redhat.satellite.
2023-03-30T09:11:39.957301+00:00 ERROR 'ansible_navigator.actions.collections._parse' /usr/share/ansible/collections/ansible_collections/redhat/satellite/roles/settings/meta/main.yml Failed to find main.yml for role in redhat.satellite.
2023-03-30T09:11:39.957317+00:00 ERROR 'ansible_navigator.actions.collections._parse' /usr/share/ansible/collections/ansible_collections/redhat/satellite/roles/subnets/meta/argument_specs.yml Failed to find argument_specs.yml for role in redhat.satellite.
2023-03-30T09:11:39.957334+00:00 ERROR 'ansible_navigator.actions.collections._parse' /usr/share/ansible/collections/ansible_collections/redhat/satellite/roles/subnets/meta/main.yml Failed to find main.yml for role in redhat.satellite.
2023-03-30T09:11:39.957351+00:00 ERROR 'ansible_navigator.actions.collections._parse' /usr/share/ansible/collections/ansible_collections/redhat/satellite/roles/sync_plans/meta/argument_specs.yml Failed to find argument_specs.yml for role in redhat.satellite.
2023-03-30T09:11:39.957368+00:00 ERROR 'ansible_navigator.actions.collections._parse' /usr/share/ansible/collections/ansible_collections/redhat/satellite/roles/sync_plans/meta/main.yml Failed to find main.yml for role in redhat.satellite.
2023-03-30T09:22:24.119117+00:00 ERROR 'ansible_navigator.image_manager.puller._log_message' Execution environment pull failed
2023-03-30T09:22:32.499504+00:00 CRITICAL 'ansible_navigator.actions.run_playbook._handle_message' Unhandled message from runner queue, discarded: {'event': 'verbose', 'uuid': 'ea1e9843-989b-402f-8229-e18608f2f56b', 'counter': 1, 'stdout': '\x1b[1;35m[WARNING]: provided hosts list is empty, only localhost is available. Note that\x1b[0m', 'start_line': 0, 'end_line': 1, 'runner_ident': '1e2c1c95-25aa-4bce-9b89-59f4a293f50e', 'created': '2023-03-30T09:22:32.498433'}
2023-03-30T09:22:32.500072+00:00 CRITICAL 'ansible_navigator.actions.run_playbook._handle_message' Unhandled message from runner queue, discarded: {'event': 'verbose', 'uuid': '61911506-4306-4c45-ba5e-489c22073d65', 'counter': 2, 'stdout': "\x1b[1;35mthe implicit localhost does not match 'all'\x1b[0m", 'start_line': 1, 'end_line': 2, 'runner_ident': '1e2c1c95-25aa-4bce-9b89-59f4a293f50e', 'created': '2023-03-30T09:22:32.498596'}
